[2024-05-27 06:24:28] local.ERROR: SQLSTATE[23000]: Integrity constraint violation: 1048 Column 'registration_type' cannot be null (SQL: insert into `users_pan_details` (`user_id`, `email_id`, `name_of_pan`, `mobile_number`, `registration_type`, `updated_at`, `created_at`) values (47, rohitwahwal23@gmail.com, hh, 9766420803, ?, 2024-05-27 06:24:28, 2024-05-27 06:24:28)) {"userId":47,"exception":"[object] (Illuminate\\Database\\QueryException(code: 23000): SQLSTATE[23000]: Integrity constraint violation: 1048 Column 'registration_type' cannot be null (SQL: insert into `users_pan_details` (`user_id`, `email_id`, `name_of_pan`, `mobile_number`, `registration_type`, `updated_at`, `created_at`) values (47, rohitwahwal23@gmail.com, hh, 9766420803, ?, 2024-05-27 06:24:28, 2024-05-27 06:24:28)) at /home/u271521730/domains/sampurnasuvidhakendra.com/public_html/vendor/laravel/framework/src/Illuminate/Database/Connection.php:671)
[stacktrace]
#0 /home/u271521730/domains/sampurnasuvidhakendra.com/public_html/vendor/laravel/framework/src/Illuminate/Database/Connection.php(631): Illuminate\\Database\\Connection->runQueryCallback('insert into `us...', Array, Object(Closure))
#1 /home/u271521730/domains/sampurnasuvidhakendra.com/public_html/vendor/laravel/framework/src/Illuminate/Database/Connection.php(465): Illuminate\\Database\\Connection->run('insert into `us...', Array, Object(Closure))
#2 /home/u271521730/domains/sampurnasuvidhakendra.com/public_html/vendor/laravel/framework/src/Illuminate/Database/Connection.php(417): Illuminate\\Database\\Connection->statement('insert into `us...', Array)
#3 /home/u271521730/domains/sampurnasuvidhakendra.com/public_html/vendor/laravel/framework/src/Illuminate/Database/Query/Processors/Processor.php(32): Illuminate\\Database\\Connection->insert('insert into `us...', Array)
#4 /home/u271521730/domains/sampurnasuvidhakendra.com/public_html/vendor/laravel/framework/src/Illuminate/Database/Query/Builder.php(2871): Illuminate\\Database\\Query\\Processors\\Processor->processInsertGetId(Object(Illuminate\\Database\\Query\\Builder), 'insert into `us...', Array, 'id')
#5 /home/u271521730/domains/sampurnasuvidhakendra.com/public_html/vendor/laravel/framework/src/Illuminate/Database/Eloquent/Builder.php(1416): Illuminate\\Database\\Query\\Builder->insertGetId(Array, 'id')
#6 /home/u271521730/domains/sampurnasuvidhakendra.com/public_html/vendor/laravel/framework/src/Illuminate/Database/Eloquent/Model.php(894): Illuminate\\Database\\Eloquent\\Builder->__call('insertGetId', Array)
#7 /home/u271521730/domains/sampurnasuvidhakendra.com/public_html/vendor/laravel/framework/src/Illuminate/Database/Eloquent/Model.php(859): Illuminate\\Database\\Eloquent\\Model->insertAndSetId(Object(Illuminate\\Database\\Eloquent\\Builder), Array)
#8 /home/u271521730/domains/sampurnasuvidhakendra.com/public_html/vendor/laravel/framework/src/Illuminate/Database/Eloquent/Model.php(722): Illuminate\\Database\\Eloquent\\Model->performInsert(Object(Illuminate\\Database\\Eloquent\\Builder))
#9 /home/u271521730/domains/sampurnasuvidhakendra.com/public_html/vendor/laravel/framework/src/Illuminate/Database/Eloquent/Builder.php(775): Illuminate\\Database\\Eloquent\\Model->save()
#10 /home/u271521730/domains/sampurnasuvidhakendra.com/public_html/vendor/laravel/framework/src/Illuminate/Support/helpers.php(263): Illuminate\\Database\\Eloquent\\Builder->Illuminate\\Database\\Eloquent\\{closure}(Object(App\\Models\\UserPanDetail))
#11 /home/u271521730/domains/sampurnasuvidhakendra.com/public_html/vendor/laravel/framework/src/Illuminate/Database/Eloquent/Builder.php(776): tap(Object(App\\Models\\UserPanDetail), Object(Closure))
#12 /home/u271521730/domains/sampurnasuvidhakendra.com/public_html/vendor/laravel/framework/src/Illuminate/Support/Traits/ForwardsCalls.php(23): Illuminate\\Database\\Eloquent\\Builder->create(Array)
#13 /home/u271521730/domains/sampurnasuvidhakendra.com/public_html/vendor/laravel/framework/src/Illuminate/Database/Eloquent/Model.php(1728): Illuminate\\Database\\Eloquent\\Model->forwardCallTo(Object(Illuminate\\Database\\Eloquent\\Builder), 'Create', Array)
#14 /home/u271521730/domains/sampurnasuvidhakendra.com/public_html/vendor/laravel/framework/src/Illuminate/Database/Eloquent/Model.php(1740): Illuminate\\Database\\Eloquent\\Model->__call('Create', Array)
#15 /home/u271521730/domains/sampurnasuvidhakendra.com/public_html/app/Http/Controllers/User/PanController.php(51): Illuminate\\Database\\Eloquent\\Model::__callStatic('Create', Array)
#16 [internal function]: App\\Http\\Controllers\\User\\PanController->storePan(Object(Illuminate\\Http\\Request))
#17 /home/u271521730/domains/sampurnasuvidhakendra.com/public_html/vendor/laravel/framework/src/Illuminate/Routing/Controller.php(54): call_user_func_array(Array, Array)
#18 /home/u271521730/domains/sampurnasuvidhakendra.com/public_html/vendor/laravel/framework/src/Illuminate/Routing/ControllerDispatcher.php(45): Illuminate\\Routing\\Controller->callAction('storePan', Array)
#19 /home/u271521730/domains/sampurnasuvidhakendra.com/public_html/vendor/laravel/framework/src/Illuminate/Routing/Route.php(255): Illuminate\\Routing\\ControllerDispatcher->dispatch(Object(Illuminate\\Routing\\Route), Object(App\\Http\\Controllers\\User\\PanController), 'storePan')
#20 /home/u271521730/domains/sampurnasuvidhakendra.com/public_html/vendor/laravel/framework/src/Illuminate/Routing/Route.php(197): Illuminate\\Routing\\Route->runController()
#21 /home/u271521730/domains/sampurnasuvidhakendra.com/public_html/vendor/laravel/framework/src/Illuminate/Routing/Router.php(691): Illuminate\\Routing\\Route->run()
#22 /home/u271521730/domains/sampurnasuvidhakendra.com/public_html/vendor/laravel/framework/src/Illuminate/Pipeline/Pipeline.php(128): Illuminate\\Routing\\Router->Illuminate\\Routing\\{closure}(Object(Illuminate\\Http\\Request))
#23 /home/u271521730/domains/sampurnasuvidhakendra.com/public_html/vendor/laravel/framework/src/Illuminate/Routing/Middleware/SubstituteBindings.php(41): Illuminate\\Pipeline\\Pipeline->Illuminate\\Pipeline\\{closure}(Object(Illuminate\\Http\\Request))
#24 /home/u271521730/domains/sampurnasuvidhakendra.com/public_html/vendor/laravel/framework/src/Illuminate/Pipeline/Pipeline.php(167): Illuminate\\Routing\\Middleware\\SubstituteBindings->handle(Object(Illuminate\\Http\\Request), Object(Closure))
#25 /home/u271521730/domains/sampurnasuvidhakendra.com/public_html/vendor/laravel/framework/src/Illuminate/Foundation/Http/Middleware/VerifyCsrfToken.php(77): Illuminate\\Pipeline\\Pipeline->Illuminate\\Pipeline\\{closure}(Object(Illuminate\\Http\\Request))
#26 /home/u271521730/domains/sampurnasuvidhakendra.com/public_html/vendor/laravel/framework/src/Illuminate/Pipeline/Pipeline.php(167): Illuminate\\Foundation\\Http\\Middleware\\VerifyCsrfToken->handle(Object(Illuminate\\Http\\Request), Object(Closure))
#27 /home/u271521730/domains/sampurnasuvidhakendra.com/public_html/vendor/laravel/framework/src/Illuminate/Session/Middleware/AuthenticateSession.php(58): Illuminate\\Pipeline\\Pipeline->Illuminate\\Pipeline\\{closure}(Object(Illuminate\\Http\\Request))
#28 /home/u271521730/domains/sampurnasuvidhakendra.com/public_html/vendor/laravel/framework/src/Illuminate/Pipeline/Pipeline.php(167): Illuminate\\Session\\Middleware\\AuthenticateSession->handle(Object(Illuminate\\Http\\Request), Object(Closure))
#29 /home/u271521730/domains/sampurnasuvidhakendra.com/public_html/vendor/laravel/framework/src/Illuminate/Auth/Middleware/Authenticate.php(44): Illuminate\\Pipeline\\Pipeline->Illuminate\\Pipeline\\{closure}(Object(Illuminate\\Http\\Request))
#30 /home/u271521730/domains/sampurnasuvidhakendra.com/public_html/vendor/laravel/framework/src/Illuminate/Pipeline/Pipeline.php(167): Illuminate\\Auth\\Middleware\\Authenticate->handle(Object(Illuminate\\Http\\Request), Object(Closure))
#31 /home/u271521730/domains/sampurnasuvidhakendra.com/public_html/vendor/laravel/framework/src/Illuminate/View/Middleware/ShareErrorsFromSession.php(49): Illuminate\\Pipeline\\Pipeline->Illuminate\\Pipeline\\{closure}(Object(Illuminate\\Http\\Request))
#32 /home/u271521730/domains/sampurnasuvidhakendra.com/public_html/vendor/laravel/framework/src/Illuminate/Pipeline/Pipeline.php(167): Illuminate\\View\\Middleware\\ShareErrorsFromSession->handle(Object(Illuminate\\Http\\Request), Object(Closure))
#33 /home/u271521730/domains/sampurnasuvidhakendra.com/public_html/vendor/laravel/framework/src/Illuminate/Session/Middleware/StartSession.php(116): Illuminate\\Pipeline\\Pipeline->Illuminate\\Pipeline\\{closure}(Object(Illuminate\\Http\\Request))
#34 /home/u271521730/domains/sampurnasuvidhakendra.com/public_html/vendor/laravel/framework/src/Illuminate/Session/Middleware/StartSession.php(62): Illuminate\\Session\\Middleware\\StartSession->handleStatefulRequest(Object(Illuminate\\Http\\Request), Object(Illuminate\\Session\\Store), Object(Closure))
#35 /home/u271521730/domains/sampurnasuvidhakendra.com/public_html/vendor/laravel/framework/src/Illuminate/Pipeline/Pipeline.php(167): Illuminate\\Session\\Middleware\\StartSession->handle(Object(Illuminate\\Http\\Request), Object(Closure))
#36 /home/u271521730/domains/sampurnasuvidhakendra.com/public_html/vendor/laravel/framework/src/Illuminate/Cookie/Middleware/AddQueuedCookiesToResponse.php(37): Illuminate\\Pipeline\\Pipeline->Illuminate\\Pipeline\\{closure}(Object(Illuminate\\Http\\Request))
#37 /home/u271521730/domains/sampurnasuvidhakendra.com/public_html/vendor/laravel/framework/src/Illuminate/Pipeline/Pipeline.php(167): Illuminate\\Cookie\\Middleware\\AddQueuedCookiesToResponse->handle(Object(Illuminate\\Http\\Request), Object(Closure))
#38 /home/u271521730/domains/sampurnasuvidhakendra.com/public_html/vendor/laravel/framework/src/Illuminate/Cookie/Middleware/EncryptCookies.php(67): Illuminate\\Pipeline\\Pipeline->Illuminate\\Pipeline\\{closure}(Object(Illuminate\\Http\\Request))
#39 /home/u271521730/domains/sampurnasuvidhakendra.com/public_html/vendor/laravel/framework/src/Illuminate/Pipeline/Pipeline.php(167): Illuminate\\Cookie\\Middleware\\EncryptCookies->handle(Object(Illuminate\\Http\\Request), Object(Closure))
#40 /home/u271521730/domains/sampurnasuvidhakendra.com/public_html/vendor/laravel/framework/src/Illuminate/Pipeline/Pipeline.php(103): Illuminate\\Pipeline\\Pipeline->Illuminate\\Pipeline\\{closure}(Object(Illuminate\\Http\\Request))
#41 /home/u271521730/domains/sampurnasuvidhakendra.com/public_html/vendor/laravel/framework/src/Illuminate/Routing/Router.php(693): Illuminate\\Pipeline\\Pipeline->then(Object(Closure))
#42 /home/u271521730/domains/sampurnasuvidhakendra.com/public_html/vendor/laravel/framework/src/Illuminate/Routing/Router.php(668): Illuminate\\Routing\\Router->runRouteWithinStack(Object(Illuminate\\Routing\\Route), Object(Illuminate\\Http\\Request))
#43 /home/u271521730/domains/sampurnasuvidhakendra.com/public_html/vendor/laravel/framework/src/Illuminate/Routing/Router.php(634): Illuminate\\Routing\\Router->runRoute(Object(Illuminate\\Http\\Request), Object(Illuminate\\Routing\\Route))
#44 /home/u271521730/domains/sampurnasuvidhakendra.com/public_html/vendor/laravel/framework/src/Illuminate/Routing/Router.php(623): Illuminate\\Routing\\Router->dispatchToRoute(Object(Illuminate\\Http\\Request))
#45 /home/u271521730/domains/sampurnasuvidhakendra.com/public_html/vendor/laravel/framework/src/Illuminate/Foundation/Http/Kernel.php(166): Illuminate\\Routing\\Router->dispatch(Object(Illuminate\\Http\\Request))
#46 /home/u271521730/domains/sampurnasuvidhakendra.com/public_html/vendor/laravel/framework/src/Illuminate/Pipeline/Pipeline.php(128): Illuminate\\Foundation\\Http\\Kernel->Illuminate\\Foundation\\Http\\{closure}(Object(Illuminate\\Http\\Request))
#47 /home/u271521730/domains/sampurnasuvidhakendra.com/public_html/vendor/fideloper/proxy/src/TrustProxies.php(57): Illuminate\\Pipeline\\Pipeline->Illuminate\\Pipeline\\{closure}(Object(Illuminate\\Http\\Request))
#48 /home/u271521730/domains/sampurnasuvidhakendra.com/public_html/vendor/laravel/framework/src/Illuminate/Pipeline/Pipeline.php(167): Fideloper\\Proxy\\TrustProxies->handle(Object(Illuminate\\Http\\Request), Object(Closure))
#49 /home/u271521730/domains/sampurnasuvidhakendra.com/public_html/vendor/laravel/framework/src/Illuminate/Foundation/Http/Middleware/TransformsRequest.php(21): Illuminate\\Pipeline\\Pipeline->Illuminate\\Pipeline\\{closure}(Object(Illuminate\\Http\\Request))
#50 /home/u271521730/domains/sampurnasuvidhakendra.com/public_html/vendor/laravel/framework/src/Illuminate/Pipeline/Pipeline.php(167): Illuminate\\Foundation\\Http\\Middleware\\TransformsRequest->handle(Object(Illuminate\\Http\\Request), Object(Closure))
#51 /home/u271521730/domains/sampurnasuvidhakendra.com/public_html/vendor/laravel/framework/src/Illuminate/Foundation/Http/Middleware/TransformsRequest.php(21): Illuminate\\Pipeline\\Pipeline->Illuminate\\Pipeline\\{closure}(Object(Illuminate\\Http\\Request))
#52 /home/u271521730/domains/sampurnasuvidhakendra.com/public_html/vendor/laravel/framework/src/Illuminate/Pipeline/Pipeline.php(167): Illuminate\\Foundation\\Http\\Middleware\\TransformsRequest->handle(Object(Illuminate\\Http\\Request), Object(Closure))
#53 /home/u271521730/domains/sampurnasuvidhakendra.com/public_html/vendor/laravel/framework/src/Illuminate/Foundation/Http/Middleware/ValidatePostSize.php(27): Illuminate\\Pipeline\\Pipeline->Illuminate\\Pipeline\\{closure}(Object(Illuminate\\Http\\Request))
#54 /home/u271521730/domains/sampurnasuvidhakendra.com/public_html/vendor/laravel/framework/src/Illuminate/Pipeline/Pipeline.php(167): Illuminate\\Foundation\\Http\\Middleware\\ValidatePostSize->handle(Object(Illuminate\\Http\\Request), Object(Closure))
#55 /home/u271521730/domains/sampurnasuvidhakendra.com/public_html/vendor/laravel/framework/src/Illuminate/Foundation/Http/Middleware/PreventRequestsDuringMaintenance.php(87): Illuminate\\Pipeline\\Pipeline->Illuminate\\Pipeline\\{closure}(Object(Illuminate\\Http\\Request))
#56 /home/u271521730/domains/sampurnasuvidhakendra.com/public_html/vendor/laravel/framework/src/Illuminate/Pipeline/Pipeline.php(167): Illuminate\\Foundation\\Http\\Middleware\\PreventRequestsDuringMaintenance->handle(Object(Illuminate\\Http\\Request), Object(Closure))
#57 /home/u271521730/domains/sampurnasuvidhakendra.com/public_html/vendor/laravel/framework/src/Illuminate/Pipeline/Pipeline.php(103): Illuminate\\Pipeline\\Pipeline->Illuminate\\Pipeline\\{closure}(Object(Illuminate\\Http\\Request))
#58 /home/u271521730/domains/sampurnasuvidhakendra.com/public_html/vendor/laravel/framework/src/Illuminate/Foundation/Http/Kernel.php(141): Illuminate\\Pipeline\\Pipeline->then(Object(Closure))
#59 /home/u271521730/domains/sampurnasuvidhakendra.com/public_html/vendor/laravel/framework/src/Illuminate/Foundation/Http/Kernel.php(110): Illuminate\\Foundation\\Http\\Kernel->sendRequestThroughRouter(Object(Illuminate\\Http\\Request))
#60 /home/u271521730/domains/sampurnasuvidhakendra.com/public_html/public/index.php(55): Illuminate\\Foundation\\Http\\Kernel->handle(Object(Illuminate\\Http\\Request))
#61 /home/u271521730/domains/sampurnasuvidhakendra.com/public_html/server.php(21): require_once('/home/u27152173...')
#62 {main}

[previous exception] [object] (PDOException(code: 23000): SQLSTATE[23000]: Integrity constraint violation: 1048 Column 'registration_type' cannot be null at /home/u271521730/domains/sampurnasuvidhakendra.com/public_html/vendor/laravel/framework/src/Illuminate/Database/Connection.php:464)
[stacktrace]
#0 /home/u271521730/domains/sampurnasuvidhakendra.com/public_html/vendor/laravel/framework/src/Illuminate/Database/Connection.php(464): PDOStatement->execute()
#1 /home/u271521730/domains/sampurnasuvidhakendra.com/public_html/vendor/laravel/framework/src/Illuminate/Database/Connection.php(664): Illuminate\\Database\\Connection->Illuminate\\Database\\{closure}('insert into `us...', Array)
#2 /home/u271521730/domains/sampurnasuvidhakendra.com/public_html/vendor/laravel/framework/src/Illuminate/Database/Connection.php(631): Illuminate\\Database\\Connection->runQueryCallback('insert into `us...', Array, Object(Closure))
#3 /home/u271521730/domains/sampurnasuvidhakendra.com/public_html/vendor/laravel/framework/src/Illuminate/Database/Connection.php(465): Illuminate\\Database\\Connection->run('insert into `us...', Array, Object(Closure))
#4 /home/u271521730/domains/sampurnasuvidhakendra.com/public_html/vendor/laravel/framework/src/Illuminate/Database/Connection.php(417): Illuminate\\Database\\Connection->statement('insert into `us...', Array)
#5 /home/u271521730/domains/sampurnasuvidhakendra.com/public_html/vendor/laravel/framework/src/Illuminate/Database/Query/Processors/Processor.php(32): Illuminate\\Database\\Connection->insert('insert into `us...', Array)
#6 /home/u271521730/domains/sampurnasuvidhakendra.com/public_html/vendor/laravel/framework/src/Illuminate/Database/Query/Builder.php(2871): Illuminate\\Database\\Query\\Processors\\Processor->processInsertGetId(Object(Illuminate\\Database\\Query\\Builder), 'insert into `us...', Array, 'id')
#7 /home/u271521730/domains/sampurnasuvidhakendra.com/public_html/vendor/laravel/framework/src/Illuminate/Database/Eloquent/Builder.php(1416): Illuminate\\Database\\Query\\Builder->insertGetId(Array, 'id')
#8 /home/u271521730/domains/sampurnasuvidhakendra.com/public_html/vendor/laravel/framework/src/Illuminate/Database/Eloquent/Model.php(894): Illuminate\\Database\\Eloquent\\Builder->__call('insertGetId', Array)
#9 /home/u271521730/domains/sampurnasuvidhakendra.com/public_html/vendor/laravel/framework/src/Illuminate/Database/Eloquent/Model.php(859): Illuminate\\Database\\Eloquent\\Model->insertAndSetId(Object(Illuminate\\Database\\Eloquent\\Builder), Array)
#10 /home/u271521730/domains/sampurnasuvidhakendra.com/public_html/vendor/laravel/framework/src/Illuminate/Database/Eloquent/Model.php(722): Illuminate\\Database\\Eloquent\\Model->performInsert(Object(Illuminate\\Database\\Eloquent\\Builder))
#11 /home/u271521730/domains/sampurnasuvidhakendra.com/public_html/vendor/laravel/framework/src/Illuminate/Database/Eloquent/Builder.php(775): Illuminate\\Database\\Eloquent\\Model->save()
#12 /home/u271521730/domains/sampurnasuvidhakendra.com/public_html/vendor/laravel/framework/src/Illuminate/Support/helpers.php(263): Illuminate\\Database\\Eloquent\\Builder->Illuminate\\Database\\Eloquent\\{closure}(Object(App\\Models\\UserPanDetail))
#13 /home/u271521730/domains/sampurnasuvidhakendra.com/public_html/vendor/laravel/framework/src/Illuminate/Database/Eloquent/Builder.php(776): tap(Object(App\\Models\\UserPanDetail), Object(Closure))
#14 /home/u271521730/domains/sampurnasuvidhakendra.com/public_html/vendor/laravel/framework/src/Illuminate/Support/Traits/ForwardsCalls.php(23): Illuminate\\Database\\Eloquent\\Builder->create(Array)
#15 /home/u271521730/domains/sampurnasuvidhakendra.com/public_html/vendor/laravel/framework/src/Illuminate/Database/Eloquent/Model.php(1728): Illuminate\\Database\\Eloquent\\Model->forwardCallTo(Object(Illuminate\\Database\\Eloquent\\Builder), 'Create', Array)
#16 /home/u271521730/domains/sampurnasuvidhakendra.com/public_html/vendor/laravel/framework/src/Illuminate/Database/Eloquent/Model.php(1740): Illuminate\\Database\\Eloquent\\Model->__call('Create', Array)
#17 /home/u271521730/domains/sampurnasuvidhakendra.com/public_html/app/Http/Controllers/User/PanController.php(51): Illuminate\\Database\\Eloquent\\Model::__callStatic('Create', Array)
#18 [internal function]: App\\Http\\Controllers\\User\\PanController->storePan(Object(Illuminate\\Http\\Request))
#19 /home/u271521730/domains/sampurnasuvidhakendra.com/public_html/vendor/laravel/framework/src/Illuminate/Routing/Controller.php(54): call_user_func_array(Array, Array)
#20 /home/u271521730/domains/sampurnasuvidhakendra.com/public_html/vendor/laravel/framework/src/Illuminate/Routing/ControllerDispatcher.php(45): Illuminate\\Routing\\Controller->callAction('storePan', Array)
#21 /home/u271521730/domains/sampurnasuvidhakendra.com/public_html/vendor/laravel/framework/src/Illuminate/Routing/Route.php(255): Illuminate\\Routing\\ControllerDispatcher->dispatch(Object(Illuminate\\Routing\\Route), Object(App\\Http\\Controllers\\User\\PanController), 'storePan')
#22 /home/u271521730/domains/sampurnasuvidhakendra.com/public_html/vendor/laravel/framework/src/Illuminate/Routing/Route.php(197): Illuminate\\Routing\\Route->runController()
#23 /home/u271521730/domains/sampurnasuvidhakendra.com/public_html/vendor/laravel/framework/src/Illuminate/Routing/Router.php(691): Illuminate\\Routing\\Route->run()
#24 /home/u271521730/domains/sampurnasuvidhakendra.com/public_html/vendor/laravel/framework/src/Illuminate/Pipeline/Pipeline.php(128): Illuminate\\Routing\\Router->Illuminate\\Routing\\{closure}(Object(Illuminate\\Http\\Request))
#25 /home/u271521730/domains/sampurnasuvidhakendra.com/public_html/vendor/laravel/framework/src/Illuminate/Routing/Middleware/SubstituteBindings.php(41): Illuminate\\Pipeline\\Pipeline->Illuminate\\Pipeline\\{closure}(Object(Illuminate\\Http\\Request))
#26 /home/u271521730/domains/sampurnasuvidhakendra.com/public_html/vendor/laravel/framework/src/Illuminate/Pipeline/Pipeline.php(167): Illuminate\\Routing\\Middleware\\SubstituteBindings->handle(Object(Illuminate\\Http\\Request), Object(Closure))
#27 /home/u271521730/domains/sampurnasuvidhakendra.com/public_html/vendor/laravel/framework/src/Illuminate/Foundation/Http/Middleware/VerifyCsrfToken.php(77): Illuminate\\Pipeline\\Pipeline->Illuminate\\Pipeline\\{closure}(Object(Illuminate\\Http\\Request))
#28 /home/u271521730/domains/sampurnasuvidhakendra.com/public_html/vendor/laravel/framework/src/Illuminate/Pipeline/Pipeline.php(167): Illuminate\\Foundation\\Http\\Middleware\\VerifyCsrfToken->handle(Object(Illuminate\\Http\\Request), Object(Closure))
#29 /home/u271521730/domains/sampurnasuvidhakendra.com/public_html/vendor/laravel/framework/src/Illuminate/Session/Middleware/AuthenticateSession.php(58): Illuminate\\Pipeline\\Pipeline->Illuminate\\Pipeline\\{closure}(Object(Illuminate\\Http\\Request))
#30 /home/u271521730/domains/sampurnasuvidhakendra.com/public_html/vendor/laravel/framework/src/Illuminate/Pipeline/Pipeline.php(167): Illuminate\\Session\\Middleware\\AuthenticateSession->handle(Object(Illuminate\\Http\\Request), Object(Closure))
#31 /home/u271521730/domains/sampurnasuvidhakendra.com/public_html/vendor/laravel/framework/src/Illuminate/Auth/Middleware/Authenticate.php(44): Illuminate\\Pipeline\\Pipeline->Illuminate\\Pipeline\\{closure}(Object(Illuminate\\Http\\Request))
#32 /home/u271521730/domains/sampurnasuvidhakendra.com/public_html/vendor/laravel/framework/src/Illuminate/Pipeline/Pipeline.php(167): Illuminate\\Auth\\Middleware\\Authenticate->handle(Object(Illuminate\\Http\\Request), Object(Closure))
#33 /home/u271521730/domains/sampurnasuvidhakendra.com/public_html/vendor/laravel/framework/src/Illuminate/View/Middleware/ShareErrorsFromSession.php(49): Illuminate\\Pipeline\\Pipeline->Illuminate\\Pipeline\\{closure}(Object(Illuminate\\Http\\Request))
#34 /home/u271521730/domains/sampurnasuvidhakendra.com/public_html/vendor/laravel/framework/src/Illuminate/Pipeline/Pipeline.php(167): Illuminate\\View\\Middleware\\ShareErrorsFromSession->handle(Object(Illuminate\\Http\\Request), Object(Closure))
#35 /home/u271521730/domains/sampurnasuvidhakendra.com/public_html/vendor/laravel/framework/src/Illuminate/Session/Middleware/StartSession.php(116): Illuminate\\Pipeline\\Pipeline->Illuminate\\Pipeline\\{closure}(Object(Illuminate\\Http\\Request))
#36 /home/u271521730/domains/sampurnasuvidhakendra.com/public_html/vendor/laravel/framework/src/Illuminate/Session/Middleware/StartSession.php(62): Illuminate\\Session\\Middleware\\StartSession->handleStatefulRequest(Object(Illuminate\\Http\\Request), Object(Illuminate\\Session\\Store), Object(Closure))
#37 /home/u271521730/domains/sampurnasuvidhakendra.com/public_html/vendor/laravel/framework/src/Illuminate/Pipeline/Pipeline.php(167): Illuminate\\Session\\Middleware\\StartSession->handle(Object(Illuminate\\Http\\Request), Object(Closure))
#38 /home/u271521730/domains/sampurnasuvidhakendra.com/public_html/vendor/laravel/framework/src/Illuminate/Cookie/Middleware/AddQueuedCookiesToResponse.php(37): Illuminate\\Pipeline\\Pipeline->Illuminate\\Pipeline\\{closure}(Object(Illuminate\\Http\\Request))
#39 /home/u271521730/domains/sampurnasuvidhakendra.com/public_html/vendor/laravel/framework/src/Illuminate/Pipeline/Pipeline.php(167): Illuminate\\Cookie\\Middleware\\AddQueuedCookiesToResponse->handle(Object(Illuminate\\Http\\Request), Object(Closure))
#40 /home/u271521730/domains/sampurnasuvidhakendra.com/public_html/vendor/laravel/framework/src/Illuminate/Cookie/Middleware/EncryptCookies.php(67): Illuminate\\Pipeline\\Pipeline->Illuminate\\Pipeline\\{closure}(Object(Illuminate\\Http\\Request))
#41 /home/u271521730/domains/sampurnasuvidhakendra.com/public_html/vendor/laravel/framework/src/Illuminate/Pipeline/Pipeline.php(167): Illuminate\\Cookie\\Middleware\\EncryptCookies->handle(Object(Illuminate\\Http\\Request), Object(Closure))
#42 /home/u271521730/domains/sampurnasuvidhakendra.com/public_html/vendor/laravel/framework/src/Illuminate/Pipeline/Pipeline.php(103): Illuminate\\Pipeline\\Pipeline->Illuminate\\Pipeline\\{closure}(Object(Illuminate\\Http\\Request))
#43 /home/u271521730/domains/sampurnasuvidhakendra.com/public_html/vendor/laravel/framework/src/Illuminate/Routing/Router.php(693): Illuminate\\Pipeline\\Pipeline->then(Object(Closure))
#44 /home/u271521730/domains/sampurnasuvidhakendra.com/public_html/vendor/laravel/framework/src/Illuminate/Routing/Router.php(668): Illuminate\\Routing\\Router->runRouteWithinStack(Object(Illuminate\\Routing\\Route), Object(Illuminate\\Http\\Request))
#45 /home/u271521730/domains/sampurnasuvidhakendra.com/public_html/vendor/laravel/framework/src/Illuminate/Routing/Router.php(634): Illuminate\\Routing\\Router->runRoute(Object(Illuminate\\Http\\Request), Object(Illuminate\\Routing\\Route))
#46 /home/u271521730/domains/sampurnasuvidhakendra.com/public_html/vendor/laravel/framework/src/Illuminate/Routing/Router.php(623): Illuminate\\Routing\\Router->dispatchToRoute(Object(Illuminate\\Http\\Request))
#47 /home/u271521730/domains/sampurnasuvidhakendra.com/public_html/vendor/laravel/framework/src/Illuminate/Foundation/Http/Kernel.php(166): Illuminate\\Routing\\Router->dispatch(Object(Illuminate\\Http\\Request))
#48 /home/u271521730/domains/sampurnasuvidhakendra.com/public_html/vendor/laravel/framework/src/Illuminate/Pipeline/Pipeline.php(128): Illuminate\\Foundation\\Http\\Kernel->Illuminate\\Foundation\\Http\\{closure}(Object(Illuminate\\Http\\Request))
#49 /home/u271521730/domains/sampurnasuvidhakendra.com/public_html/vendor/fideloper/proxy/src/TrustProxies.php(57): Illuminate\\Pipeline\\Pipeline->Illuminate\\Pipeline\\{closure}(Object(Illuminate\\Http\\Request))
#50 /home/u271521730/domains/sampurnasuvidhakendra.com/public_html/vendor/laravel/framework/src/Illuminate/Pipeline/Pipeline.php(167): Fideloper\\Proxy\\TrustProxies->handle(Object(Illuminate\\Http\\Request), Object(Closure))
#51 /home/u271521730/domains/sampurnasuvidhakendra.com/public_html/vendor/laravel/framework/src/Illuminate/Foundation/Http/Middleware/TransformsRequest.php(21): Illuminate\\Pipeline\\Pipeline->Illuminate\\Pipeline\\{closure}(Object(Illuminate\\Http\\Request))
#52 /home/u271521730/domains/sampurnasuvidhakendra.com/public_html/vendor/laravel/framework/src/Illuminate/Pipeline/Pipeline.php(167): Illuminate\\Foundation\\Http\\Middleware\\TransformsRequest->handle(Object(Illuminate\\Http\\Request), Object(Closure))
#53 /home/u271521730/domains/sampurnasuvidhakendra.com/public_html/vendor/laravel/framework/src/Illuminate/Foundation/Http/Middleware/TransformsRequest.php(21): Illuminate\\Pipeline\\Pipeline->Illuminate\\Pipeline\\{closure}(Object(Illuminate\\Http\\Request))
#54 /home/u271521730/domains/sampurnasuvidhakendra.com/public_html/vendor/laravel/framework/src/Illuminate/Pipeline/Pipeline.php(167): Illuminate\\Foundation\\Http\\Middleware\\TransformsRequest->handle(Object(Illuminate\\Http\\Request), Object(Closure))
#55 /home/u271521730/domains/sampurnasuvidhakendra.com/public_html/vendor/laravel/framework/src/Illuminate/Foundation/Http/Middleware/ValidatePostSize.php(27): Illuminate\\Pipeline\\Pipeline->Illuminate\\Pipeline\\{closure}(Object(Illuminate\\Http\\Request))
#56 /home/u271521730/domains/sampurnasuvidhakendra.com/public_html/vendor/laravel/framework/src/Illuminate/Pipeline/Pipeline.php(167): Illuminate\\Foundation\\Http\\Middleware\\ValidatePostSize->handle(Object(Illuminate\\Http\\Request), Object(Closure))
#57 /home/u271521730/domains/sampurnasuvidhakendra.com/public_html/vendor/laravel/framework/src/Illuminate/Foundation/Http/Middleware/PreventRequestsDuringMaintenance.php(87): Illuminate\\Pipeline\\Pipeline->Illuminate\\Pipeline\\{closure}(Object(Illuminate\\Http\\Request))
#58 /home/u271521730/domains/sampurnasuvidhakendra.com/public_html/vendor/laravel/framework/src/Illuminate/Pipeline/Pipeline.php(167): Illuminate\\Foundation\\Http\\Middleware\\PreventRequestsDuringMaintenance->handle(Object(Illuminate\\Http\\Request), Object(Closure))
#59 /home/u271521730/domains/sampurnasuvidhakendra.com/public_html/vendor/laravel/framework/src/Illuminate/Pipeline/Pipeline.php(103): Illuminate\\Pipeline\\Pipeline->Illuminate\\Pipeline\\{closure}(Object(Illuminate\\Http\\Request))
#60 /home/u271521730/domains/sampurnasuvidhakendra.com/public_html/vendor/laravel/framework/src/Illuminate/Foundation/Http/Kernel.php(141): Illuminate\\Pipeline\\Pipeline->then(Object(Closure))
#61 /home/u271521730/domains/sampurnasuvidhakendra.com/public_html/vendor/laravel/framework/src/Illuminate/Foundation/Http/Kernel.php(110): Illuminate\\Foundation\\Http\\Kernel->sendRequestThroughRouter(Object(Illuminate\\Http\\Request))
#62 /home/u271521730/domains/sampurnasuvidhakendra.com/public_html/public/index.php(55): Illuminate\\Foundation\\Http\\Kernel->handle(Object(Illuminate\\Http\\Request))
#63 /home/u271521730/domains/sampurnasuvidhakendra.com/public_html/server.php(21): require_once('/home/u27152173...')
#64 {main}
"} 
[2024-05-27 07:08:25] local.ERROR: SQLSTATE[23000]: Integrity constraint violation: 1048 Column 'registration_type' cannot be null (SQL: insert into `users_pan_details` (`user_id`, `email_id`, `name_of_pan`, `mobile_number`, `registration_type`, `updated_at`, `created_at`) values (130, rooiitwahwal78@gmail.com, Rohit Wahwal, 7585585680, ?, 2024-05-27 07:08:25, 2024-05-27 07:08:25)) {"userId":130,"exception":"[object] (Illuminate\\Database\\QueryException(code: 23000): SQLSTATE[23000]: Integrity constraint violation: 1048 Column 'registration_type' cannot be null (SQL: insert into `users_pan_details` (`user_id`, `email_id`, `name_of_pan`, `mobile_number`, `registration_type`, `updated_at`, `created_at`) values (130, rooiitwahwal78@gmail.com, Rohit Wahwal, 7585585680, ?, 2024-05-27 07:08:25, 2024-05-27 07:08:25)) at /home/u271521730/domains/sampurnasuvidhakendra.com/public_html/vendor/laravel/framework/src/Illuminate/Database/Connection.php:671)
[stacktrace]
#0 /home/u271521730/domains/sampurnasuvidhakendra.com/public_html/vendor/laravel/framework/src/Illuminate/Database/Connection.php(631): Illuminate\\Database\\Connection->runQueryCallback('insert into `us...', Array, Object(Closure))
#1 /home/u271521730/domains/sampurnasuvidhakendra.com/public_html/vendor/laravel/framework/src/Illuminate/Database/Connection.php(465): Illuminate\\Database\\Connection->run('insert into `us...', Array, Object(Closure))
#2 /home/u271521730/domains/sampurnasuvidhakendra.com/public_html/vendor/laravel/framework/src/Illuminate/Database/Connection.php(417): Illuminate\\Database\\Connection->statement('insert into `us...', Array)
#3 /home/u271521730/domains/sampurnasuvidhakendra.com/public_html/vendor/laravel/framework/src/Illuminate/Database/Query/Processors/Processor.php(32): Illuminate\\Database\\Connection->insert('insert into `us...', Array)
#4 /home/u271521730/domains/sampurnasuvidhakendra.com/public_html/vendor/laravel/framework/src/Illuminate/Database/Query/Builder.php(2871): Illuminate\\Database\\Query\\Processors\\Processor->processInsertGetId(Object(Illuminate\\Database\\Query\\Builder), 'insert into `us...', Array, 'id')
#5 /home/u271521730/domains/sampurnasuvidhakendra.com/public_html/vendor/laravel/framework/src/Illuminate/Database/Eloquent/Builder.php(1416): Illuminate\\Database\\Query\\Builder->insertGetId(Array, 'id')
#6 /home/u271521730/domains/sampurnasuvidhakendra.com/public_html/vendor/laravel/framework/src/Illuminate/Database/Eloquent/Model.php(894): Illuminate\\Database\\Eloquent\\Builder->__call('insertGetId', Array)
#7 /home/u271521730/domains/sampurnasuvidhakendra.com/public_html/vendor/laravel/framework/src/Illuminate/Database/Eloquent/Model.php(859): Illuminate\\Database\\Eloquent\\Model->insertAndSetId(Object(Illuminate\\Database\\Eloquent\\Builder), Array)
#8 /home/u271521730/domains/sampurnasuvidhakendra.com/public_html/vendor/laravel/framework/src/Illuminate/Database/Eloquent/Model.php(722): Illuminate\\Database\\Eloquent\\Model->performInsert(Object(Illuminate\\Database\\Eloquent\\Builder))
#9 /home/u271521730/domains/sampurnasuvidhakendra.com/public_html/vendor/laravel/framework/src/Illuminate/Database/Eloquent/Builder.php(775): Illuminate\\Database\\Eloquent\\Model->save()
#10 /home/u271521730/domains/sampurnasuvidhakendra.com/public_html/vendor/laravel/framework/src/Illuminate/Support/helpers.php(263): Illuminate\\Database\\Eloquent\\Builder->Illuminate\\Database\\Eloquent\\{closure}(Object(App\\Models\\UserPanDetail))
#11 /home/u271521730/domains/sampurnasuvidhakendra.com/public_html/vendor/laravel/framework/src/Illuminate/Database/Eloquent/Builder.php(776): tap(Object(App\\Models\\UserPanDetail), Object(Closure))
#12 /home/u271521730/domains/sampurnasuvidhakendra.com/public_html/vendor/laravel/framework/src/Illuminate/Support/Traits/ForwardsCalls.php(23): Illuminate\\Database\\Eloquent\\Builder->create(Array)
#13 /home/u271521730/domains/sampurnasuvidhakendra.com/public_html/vendor/laravel/framework/src/Illuminate/Database/Eloquent/Model.php(1728): Illuminate\\Database\\Eloquent\\Model->forwardCallTo(Object(Illuminate\\Database\\Eloquent\\Builder), 'Create', Array)
#14 /home/u271521730/domains/sampurnasuvidhakendra.com/public_html/vendor/laravel/framework/src/Illuminate/Database/Eloquent/Model.php(1740): Illuminate\\Database\\Eloquent\\Model->__call('Create', Array)
#15 /home/u271521730/domains/sampurnasuvidhakendra.com/public_html/app/Http/Controllers/User/PanController.php(51): Illuminate\\Database\\Eloquent\\Model::__callStatic('Create', Array)
#16 [internal function]: App\\Http\\Controllers\\User\\PanController->storePan(Object(Illuminate\\Http\\Request))
#17 /home/u271521730/domains/sampurnasuvidhakendra.com/public_html/vendor/laravel/framework/src/Illuminate/Routing/Controller.php(54): call_user_func_array(Array, Array)
#18 /home/u271521730/domains/sampurnasuvidhakendra.com/public_html/vendor/laravel/framework/src/Illuminate/Routing/ControllerDispatcher.php(45): Illuminate\\Routing\\Controller->callAction('storePan', Array)
#19 /home/u271521730/domains/sampurnasuvidhakendra.com/public_html/vendor/laravel/framework/src/Illuminate/Routing/Route.php(255): Illuminate\\Routing\\ControllerDispatcher->dispatch(Object(Illuminate\\Routing\\Route), Object(App\\Http\\Controllers\\User\\PanController), 'storePan')
#20 /home/u271521730/domains/sampurnasuvidhakendra.com/public_html/vendor/laravel/framework/src/Illuminate/Routing/Route.php(197): Illuminate\\Routing\\Route->runController()
#21 /home/u271521730/domains/sampurnasuvidhakendra.com/public_html/vendor/laravel/framework/src/Illuminate/Routing/Router.php(691): Illuminate\\Routing\\Route->run()
#22 /home/u271521730/domains/sampurnasuvidhakendra.com/public_html/vendor/laravel/framework/src/Illuminate/Pipeline/Pipeline.php(128): Illuminate\\Routing\\Router->Illuminate\\Routing\\{closure}(Object(Illuminate\\Http\\Request))
#23 /home/u271521730/domains/sampurnasuvidhakendra.com/public_html/vendor/laravel/framework/src/Illuminate/Routing/Middleware/SubstituteBindings.php(41): Illuminate\\Pipeline\\Pipeline->Illuminate\\Pipeline\\{closure}(Object(Illuminate\\Http\\Request))
#24 /home/u271521730/domains/sampurnasuvidhakendra.com/public_html/vendor/laravel/framework/src/Illuminate/Pipeline/Pipeline.php(167): Illuminate\\Routing\\Middleware\\SubstituteBindings->handle(Object(Illuminate\\Http\\Request), Object(Closure))
#25 /home/u271521730/domains/sampurnasuvidhakendra.com/public_html/vendor/laravel/framework/src/Illuminate/Foundation/Http/Middleware/VerifyCsrfToken.php(77): Illuminate\\Pipeline\\Pipeline->Illuminate\\Pipeline\\{closure}(Object(Illuminate\\Http\\Request))
#26 /home/u271521730/domains/sampurnasuvidhakendra.com/public_html/vendor/laravel/framework/src/Illuminate/Pipeline/Pipeline.php(167): Illuminate\\Foundation\\Http\\Middleware\\VerifyCsrfToken->handle(Object(Illuminate\\Http\\Request), Object(Closure))
#27 /home/u271521730/domains/sampurnasuvidhakendra.com/public_html/vendor/laravel/framework/src/Illuminate/Session/Middleware/AuthenticateSession.php(58): Illuminate\\Pipeline\\Pipeline->Illuminate\\Pipeline\\{closure}(Object(Illuminate\\Http\\Request))
#28 /home/u271521730/domains/sampurnasuvidhakendra.com/public_html/vendor/laravel/framework/src/Illuminate/Pipeline/Pipeline.php(167): Illuminate\\Session\\Middleware\\AuthenticateSession->handle(Object(Illuminate\\Http\\Request), Object(Closure))
#29 /home/u271521730/domains/sampurnasuvidhakendra.com/public_html/vendor/laravel/framework/src/Illuminate/Auth/Middleware/Authenticate.php(44): Illuminate\\Pipeline\\Pipeline->Illuminate\\Pipeline\\{closure}(Object(Illuminate\\Http\\Request))
#30 /home/u271521730/domains/sampurnasuvidhakendra.com/public_html/vendor/laravel/framework/src/Illuminate/Pipeline/Pipeline.php(167): Illuminate\\Auth\\Middleware\\Authenticate->handle(Object(Illuminate\\Http\\Request), Object(Closure))
#31 /home/u271521730/domains/sampurnasuvidhakendra.com/public_html/vendor/laravel/framework/src/Illuminate/View/Middleware/ShareErrorsFromSession.php(49): Illuminate\\Pipeline\\Pipeline->Illuminate\\Pipeline\\{closure}(Object(Illuminate\\Http\\Request))
#32 /home/u271521730/domains/sampurnasuvidhakendra.com/public_html/vendor/laravel/framework/src/Illuminate/Pipeline/Pipeline.php(167): Illuminate\\View\\Middleware\\ShareErrorsFromSession->handle(Object(Illuminate\\Http\\Request), Object(Closure))
#33 /home/u271521730/domains/sampurnasuvidhakendra.com/public_html/vendor/laravel/framework/src/Illuminate/Session/Middleware/StartSession.php(116): Illuminate\\Pipeline\\Pipeline->Illuminate\\Pipeline\\{closure}(Object(Illuminate\\Http\\Request))
#34 /home/u271521730/domains/sampurnasuvidhakendra.com/public_html/vendor/laravel/framework/src/Illuminate/Session/Middleware/StartSession.php(62): Illuminate\\Session\\Middleware\\StartSession->handleStatefulRequest(Object(Illuminate\\Http\\Request), Object(Illuminate\\Session\\Store), Object(Closure))
#35 /home/u271521730/domains/sampurnasuvidhakendra.com/public_html/vendor/laravel/framework/src/Illuminate/Pipeline/Pipeline.php(167): Illuminate\\Session\\Middleware\\StartSession->handle(Object(Illuminate\\Http\\Request), Object(Closure))
#36 /home/u271521730/domains/sampurnasuvidhakendra.com/public_html/vendor/laravel/framework/src/Illuminate/Cookie/Middleware/AddQueuedCookiesToResponse.php(37): Illuminate\\Pipeline\\Pipeline->Illuminate\\Pipeline\\{closure}(Object(Illuminate\\Http\\Request))
#37 /home/u271521730/domains/sampurnasuvidhakendra.com/public_html/vendor/laravel/framework/src/Illuminate/Pipeline/Pipeline.php(167): Illuminate\\Cookie\\Middleware\\AddQueuedCookiesToResponse->handle(Object(Illuminate\\Http\\Request), Object(Closure))
#38 /home/u271521730/domains/sampurnasuvidhakendra.com/public_html/vendor/laravel/framework/src/Illuminate/Cookie/Middleware/EncryptCookies.php(67): Illuminate\\Pipeline\\Pipeline->Illuminate\\Pipeline\\{closure}(Object(Illuminate\\Http\\Request))
#39 /home/u271521730/domains/sampurnasuvidhakendra.com/public_html/vendor/laravel/framework/src/Illuminate/Pipeline/Pipeline.php(167): Illuminate\\Cookie\\Middleware\\EncryptCookies->handle(Object(Illuminate\\Http\\Request), Object(Closure))
#40 /home/u271521730/domains/sampurnasuvidhakendra.com/public_html/vendor/laravel/framework/src/Illuminate/Pipeline/Pipeline.php(103): Illuminate\\Pipeline\\Pipeline->Illuminate\\Pipeline\\{closure}(Object(Illuminate\\Http\\Request))
#41 /home/u271521730/domains/sampurnasuvidhakendra.com/public_html/vendor/laravel/framework/src/Illuminate/Routing/Router.php(693): Illuminate\\Pipeline\\Pipeline->then(Object(Closure))
#42 /home/u271521730/domains/sampurnasuvidhakendra.com/public_html/vendor/laravel/framework/src/Illuminate/Routing/Router.php(668): Illuminate\\Routing\\Router->runRouteWithinStack(Object(Illuminate\\Routing\\Route), Object(Illuminate\\Http\\Request))
#43 /home/u271521730/domains/sampurnasuvidhakendra.com/public_html/vendor/laravel/framework/src/Illuminate/Routing/Router.php(634): Illuminate\\Routing\\Router->runRoute(Object(Illuminate\\Http\\Request), Object(Illuminate\\Routing\\Route))
#44 /home/u271521730/domains/sampurnasuvidhakendra.com/public_html/vendor/laravel/framework/src/Illuminate/Routing/Router.php(623): Illuminate\\Routing\\Router->dispatchToRoute(Object(Illuminate\\Http\\Request))
#45 /home/u271521730/domains/sampurnasuvidhakendra.com/public_html/vendor/laravel/framework/src/Illuminate/Foundation/Http/Kernel.php(166): Illuminate\\Routing\\Router->dispatch(Object(Illuminate\\Http\\Request))
#46 /home/u271521730/domains/sampurnasuvidhakendra.com/public_html/vendor/laravel/framework/src/Illuminate/Pipeline/Pipeline.php(128): Illuminate\\Foundation\\Http\\Kernel->Illuminate\\Foundation\\Http\\{closure}(Object(Illuminate\\Http\\Request))
#47 /home/u271521730/domains/sampurnasuvidhakendra.com/public_html/vendor/fideloper/proxy/src/TrustProxies.php(57): Illuminate\\Pipeline\\Pipeline->Illuminate\\Pipeline\\{closure}(Object(Illuminate\\Http\\Request))
#48 /home/u271521730/domains/sampurnasuvidhakendra.com/public_html/vendor/laravel/framework/src/Illuminate/Pipeline/Pipeline.php(167): Fideloper\\Proxy\\TrustProxies->handle(Object(Illuminate\\Http\\Request), Object(Closure))
#49 /home/u271521730/domains/sampurnasuvidhakendra.com/public_html/vendor/laravel/framework/src/Illuminate/Foundation/Http/Middleware/TransformsRequest.php(21): Illuminate\\Pipeline\\Pipeline->Illuminate\\Pipeline\\{closure}(Object(Illuminate\\Http\\Request))
#50 /home/u271521730/domains/sampurnasuvidhakendra.com/public_html/vendor/laravel/framework/src/Illuminate/Pipeline/Pipeline.php(167): Illuminate\\Foundation\\Http\\Middleware\\TransformsRequest->handle(Object(Illuminate\\Http\\Request), Object(Closure))
#51 /home/u271521730/domains/sampurnasuvidhakendra.com/public_html/vendor/laravel/framework/src/Illuminate/Foundation/Http/Middleware/TransformsRequest.php(21): Illuminate\\Pipeline\\Pipeline->Illuminate\\Pipeline\\{closure}(Object(Illuminate\\Http\\Request))
#52 /home/u271521730/domains/sampurnasuvidhakendra.com/public_html/vendor/laravel/framework/src/Illuminate/Pipeline/Pipeline.php(167): Illuminate\\Foundation\\Http\\Middleware\\TransformsRequest->handle(Object(Illuminate\\Http\\Request), Object(Closure))
#53 /home/u271521730/domains/sampurnasuvidhakendra.com/public_html/vendor/laravel/framework/src/Illuminate/Foundation/Http/Middleware/ValidatePostSize.php(27): Illuminate\\Pipeline\\Pipeline->Illuminate\\Pipeline\\{closure}(Object(Illuminate\\Http\\Request))
#54 /home/u271521730/domains/sampurnasuvidhakendra.com/public_html/vendor/laravel/framework/src/Illuminate/Pipeline/Pipeline.php(167): Illuminate\\Foundation\\Http\\Middleware\\ValidatePostSize->handle(Object(Illuminate\\Http\\Request), Object(Closure))
#55 /home/u271521730/domains/sampurnasuvidhakendra.com/public_html/vendor/laravel/framework/src/Illuminate/Foundation/Http/Middleware/PreventRequestsDuringMaintenance.php(87): Illuminate\\Pipeline\\Pipeline->Illuminate\\Pipeline\\{closure}(Object(Illuminate\\Http\\Request))
#56 /home/u271521730/domains/sampurnasuvidhakendra.com/public_html/vendor/laravel/framework/src/Illuminate/Pipeline/Pipeline.php(167): Illuminate\\Foundation\\Http\\Middleware\\PreventRequestsDuringMaintenance->handle(Object(Illuminate\\Http\\Request), Object(Closure))
#57 /home/u271521730/domains/sampurnasuvidhakendra.com/public_html/vendor/laravel/framework/src/Illuminate/Pipeline/Pipeline.php(103): Illuminate\\Pipeline\\Pipeline->Illuminate\\Pipeline\\{closure}(Object(Illuminate\\Http\\Request))
#58 /home/u271521730/domains/sampurnasuvidhakendra.com/public_html/vendor/laravel/framework/src/Illuminate/Foundation/Http/Kernel.php(141): Illuminate\\Pipeline\\Pipeline->then(Object(Closure))
#59 /home/u271521730/domains/sampurnasuvidhakendra.com/public_html/vendor/laravel/framework/src/Illuminate/Foundation/Http/Kernel.php(110): Illuminate\\Foundation\\Http\\Kernel->sendRequestThroughRouter(Object(Illuminate\\Http\\Request))
#60 /home/u271521730/domains/sampurnasuvidhakendra.com/public_html/public/index.php(55): Illuminate\\Foundation\\Http\\Kernel->handle(Object(Illuminate\\Http\\Request))
#61 /home/u271521730/domains/sampurnasuvidhakendra.com/public_html/server.php(21): require_once('/home/u27152173...')
#62 {main}

[previous exception] [object] (PDOException(code: 23000): SQLSTATE[23000]: Integrity constraint violation: 1048 Column 'registration_type' cannot be null at /home/u271521730/domains/sampurnasuvidhakendra.com/public_html/vendor/laravel/framework/src/Illuminate/Database/Connection.php:464)
[stacktrace]
#0 /home/u271521730/domains/sampurnasuvidhakendra.com/public_html/vendor/laravel/framework/src/Illuminate/Database/Connection.php(464): PDOStatement->execute()
#1 /home/u271521730/domains/sampurnasuvidhakendra.com/public_html/vendor/laravel/framework/src/Illuminate/Database/Connection.php(664): Illuminate\\Database\\Connection->Illuminate\\Database\\{closure}('insert into `us...', Array)
#2 /home/u271521730/domains/sampurnasuvidhakendra.com/public_html/vendor/laravel/framework/src/Illuminate/Database/Connection.php(631): Illuminate\\Database\\Connection->runQueryCallback('insert into `us...', Array, Object(Closure))
#3 /home/u271521730/domains/sampurnasuvidhakendra.com/public_html/vendor/laravel/framework/src/Illuminate/Database/Connection.php(465): Illuminate\\Database\\Connection->run('insert into `us...', Array, Object(Closure))
#4 /home/u271521730/domains/sampurnasuvidhakendra.com/public_html/vendor/laravel/framework/src/Illuminate/Database/Connection.php(417): Illuminate\\Database\\Connection->statement('insert into `us...', Array)
#5 /home/u271521730/domains/sampurnasuvidhakendra.com/public_html/vendor/laravel/framework/src/Illuminate/Database/Query/Processors/Processor.php(32): Illuminate\\Database\\Connection->insert('insert into `us...', Array)
#6 /home/u271521730/domains/sampurnasuvidhakendra.com/public_html/vendor/laravel/framework/src/Illuminate/Database/Query/Builder.php(2871): Illuminate\\Database\\Query\\Processors\\Processor->processInsertGetId(Object(Illuminate\\Database\\Query\\Builder), 'insert into `us...', Array, 'id')
#7 /home/u271521730/domains/sampurnasuvidhakendra.com/public_html/vendor/laravel/framework/src/Illuminate/Database/Eloquent/Builder.php(1416): Illuminate\\Database\\Query\\Builder->insertGetId(Array, 'id')
#8 /home/u271521730/domains/sampurnasuvidhakendra.com/public_html/vendor/laravel/framework/src/Illuminate/Database/Eloquent/Model.php(894): Illuminate\\Database\\Eloquent\\Builder->__call('insertGetId', Array)
#9 /home/u271521730/domains/sampurnasuvidhakendra.com/public_html/vendor/laravel/framework/src/Illuminate/Database/Eloquent/Model.php(859): Illuminate\\Database\\Eloquent\\Model->insertAndSetId(Object(Illuminate\\Database\\Eloquent\\Builder), Array)
#10 /home/u271521730/domains/sampurnasuvidhakendra.com/public_html/vendor/laravel/framework/src/Illuminate/Database/Eloquent/Model.php(722): Illuminate\\Database\\Eloquent\\Model->performInsert(Object(Illuminate\\Database\\Eloquent\\Builder))
#11 /home/u271521730/domains/sampurnasuvidhakendra.com/public_html/vendor/laravel/framework/src/Illuminate/Database/Eloquent/Builder.php(775): Illuminate\\Database\\Eloquent\\Model->save()
#12 /home/u271521730/domains/sampurnasuvidhakendra.com/public_html/vendor/laravel/framework/src/Illuminate/Support/helpers.php(263): Illuminate\\Database\\Eloquent\\Builder->Illuminate\\Database\\Eloquent\\{closure}(Object(App\\Models\\UserPanDetail))
#13 /home/u271521730/domains/sampurnasuvidhakendra.com/public_html/vendor/laravel/framework/src/Illuminate/Database/Eloquent/Builder.php(776): tap(Object(App\\Models\\UserPanDetail), Object(Closure))
#14 /home/u271521730/domains/sampurnasuvidhakendra.com/public_html/vendor/laravel/framework/src/Illuminate/Support/Traits/ForwardsCalls.php(23): Illuminate\\Database\\Eloquent\\Builder->create(Array)
#15 /home/u271521730/domains/sampurnasuvidhakendra.com/public_html/vendor/laravel/framework/src/Illuminate/Database/Eloquent/Model.php(1728): Illuminate\\Database\\Eloquent\\Model->forwardCallTo(Object(Illuminate\\Database\\Eloquent\\Builder), 'Create', Array)
#16 /home/u271521730/domains/sampurnasuvidhakendra.com/public_html/vendor/laravel/framework/src/Illuminate/Database/Eloquent/Model.php(1740): Illuminate\\Database\\Eloquent\\Model->__call('Create', Array)
#17 /home/u271521730/domains/sampurnasuvidhakendra.com/public_html/app/Http/Controllers/User/PanController.php(51): Illuminate\\Database\\Eloquent\\Model::__callStatic('Create', Array)
#18 [internal function]: App\\Http\\Controllers\\User\\PanController->storePan(Object(Illuminate\\Http\\Request))
#19 /home/u271521730/domains/sampurnasuvidhakendra.com/public_html/vendor/laravel/framework/src/Illuminate/Routing/Controller.php(54): call_user_func_array(Array, Array)
#20 /home/u271521730/domains/sampurnasuvidhakendra.com/public_html/vendor/laravel/framework/src/Illuminate/Routing/ControllerDispatcher.php(45): Illuminate\\Routing\\Controller->callAction('storePan', Array)
#21 /home/u271521730/domains/sampurnasuvidhakendra.com/public_html/vendor/laravel/framework/src/Illuminate/Routing/Route.php(255): Illuminate\\Routing\\ControllerDispatcher->dispatch(Object(Illuminate\\Routing\\Route), Object(App\\Http\\Controllers\\User\\PanController), 'storePan')
#22 /home/u271521730/domains/sampurnasuvidhakendra.com/public_html/vendor/laravel/framework/src/Illuminate/Routing/Route.php(197): Illuminate\\Routing\\Route->runController()
#23 /home/u271521730/domains/sampurnasuvidhakendra.com/public_html/vendor/laravel/framework/src/Illuminate/Routing/Router.php(691): Illuminate\\Routing\\Route->run()
#24 /home/u271521730/domains/sampurnasuvidhakendra.com/public_html/vendor/laravel/framework/src/Illuminate/Pipeline/Pipeline.php(128): Illuminate\\Routing\\Router->Illuminate\\Routing\\{closure}(Object(Illuminate\\Http\\Request))
#25 /home/u271521730/domains/sampurnasuvidhakendra.com/public_html/vendor/laravel/framework/src/Illuminate/Routing/Middleware/SubstituteBindings.php(41): Illuminate\\Pipeline\\Pipeline->Illuminate\\Pipeline\\{closure}(Object(Illuminate\\Http\\Request))
#26 /home/u271521730/domains/sampurnasuvidhakendra.com/public_html/vendor/laravel/framework/src/Illuminate/Pipeline/Pipeline.php(167): Illuminate\\Routing\\Middleware\\SubstituteBindings->handle(Object(Illuminate\\Http\\Request), Object(Closure))
#27 /home/u271521730/domains/sampurnasuvidhakendra.com/public_html/vendor/laravel/framework/src/Illuminate/Foundation/Http/Middleware/VerifyCsrfToken.php(77): Illuminate\\Pipeline\\Pipeline->Illuminate\\Pipeline\\{closure}(Object(Illuminate\\Http\\Request))
#28 /home/u271521730/domains/sampurnasuvidhakendra.com/public_html/vendor/laravel/framework/src/Illuminate/Pipeline/Pipeline.php(167): Illuminate\\Foundation\\Http\\Middleware\\VerifyCsrfToken->handle(Object(Illuminate\\Http\\Request), Object(Closure))
#29 /home/u271521730/domains/sampurnasuvidhakendra.com/public_html/vendor/laravel/framework/src/Illuminate/Session/Middleware/AuthenticateSession.php(58): Illuminate\\Pipeline\\Pipeline->Illuminate\\Pipeline\\{closure}(Object(Illuminate\\Http\\Request))
#30 /home/u271521730/domains/sampurnasuvidhakendra.com/public_html/vendor/laravel/framework/src/Illuminate/Pipeline/Pipeline.php(167): Illuminate\\Session\\Middleware\\AuthenticateSession->handle(Object(Illuminate\\Http\\Request), Object(Closure))
#31 /home/u271521730/domains/sampurnasuvidhakendra.com/public_html/vendor/laravel/framework/src/Illuminate/Auth/Middleware/Authenticate.php(44): Illuminate\\Pipeline\\Pipeline->Illuminate\\Pipeline\\{closure}(Object(Illuminate\\Http\\Request))
#32 /home/u271521730/domains/sampurnasuvidhakendra.com/public_html/vendor/laravel/framework/src/Illuminate/Pipeline/Pipeline.php(167): Illuminate\\Auth\\Middleware\\Authenticate->handle(Object(Illuminate\\Http\\Request), Object(Closure))
#33 /home/u271521730/domains/sampurnasuvidhakendra.com/public_html/vendor/laravel/framework/src/Illuminate/View/Middleware/ShareErrorsFromSession.php(49): Illuminate\\Pipeline\\Pipeline->Illuminate\\Pipeline\\{closure}(Object(Illuminate\\Http\\Request))
#34 /home/u271521730/domains/sampurnasuvidhakendra.com/public_html/vendor/laravel/framework/src/Illuminate/Pipeline/Pipeline.php(167): Illuminate\\View\\Middleware\\ShareErrorsFromSession->handle(Object(Illuminate\\Http\\Request), Object(Closure))
#35 /home/u271521730/domains/sampurnasuvidhakendra.com/public_html/vendor/laravel/framework/src/Illuminate/Session/Middleware/StartSession.php(116): Illuminate\\Pipeline\\Pipeline->Illuminate\\Pipeline\\{closure}(Object(Illuminate\\Http\\Request))
#36 /home/u271521730/domains/sampurnasuvidhakendra.com/public_html/vendor/laravel/framework/src/Illuminate/Session/Middleware/StartSession.php(62): Illuminate\\Session\\Middleware\\StartSession->handleStatefulRequest(Object(Illuminate\\Http\\Request), Object(Illuminate\\Session\\Store), Object(Closure))
#37 /home/u271521730/domains/sampurnasuvidhakendra.com/public_html/vendor/laravel/framework/src/Illuminate/Pipeline/Pipeline.php(167): Illuminate\\Session\\Middleware\\StartSession->handle(Object(Illuminate\\Http\\Request), Object(Closure))
#38 /home/u271521730/domains/sampurnasuvidhakendra.com/public_html/vendor/laravel/framework/src/Illuminate/Cookie/Middleware/AddQueuedCookiesToResponse.php(37): Illuminate\\Pipeline\\Pipeline->Illuminate\\Pipeline\\{closure}(Object(Illuminate\\Http\\Request))
#39 /home/u271521730/domains/sampurnasuvidhakendra.com/public_html/vendor/laravel/framework/src/Illuminate/Pipeline/Pipeline.php(167): Illuminate\\Cookie\\Middleware\\AddQueuedCookiesToResponse->handle(Object(Illuminate\\Http\\Request), Object(Closure))
#40 /home/u271521730/domains/sampurnasuvidhakendra.com/public_html/vendor/laravel/framework/src/Illuminate/Cookie/Middleware/EncryptCookies.php(67): Illuminate\\Pipeline\\Pipeline->Illuminate\\Pipeline\\{closure}(Object(Illuminate\\Http\\Request))
#41 /home/u271521730/domains/sampurnasuvidhakendra.com/public_html/vendor/laravel/framework/src/Illuminate/Pipeline/Pipeline.php(167): Illuminate\\Cookie\\Middleware\\EncryptCookies->handle(Object(Illuminate\\Http\\Request), Object(Closure))
#42 /home/u271521730/domains/sampurnasuvidhakendra.com/public_html/vendor/laravel/framework/src/Illuminate/Pipeline/Pipeline.php(103): Illuminate\\Pipeline\\Pipeline->Illuminate\\Pipeline\\{closure}(Object(Illuminate\\Http\\Request))
#43 /home/u271521730/domains/sampurnasuvidhakendra.com/public_html/vendor/laravel/framework/src/Illuminate/Routing/Router.php(693): Illuminate\\Pipeline\\Pipeline->then(Object(Closure))
#44 /home/u271521730/domains/sampurnasuvidhakendra.com/public_html/vendor/laravel/framework/src/Illuminate/Routing/Router.php(668): Illuminate\\Routing\\Router->runRouteWithinStack(Object(Illuminate\\Routing\\Route), Object(Illuminate\\Http\\Request))
#45 /home/u271521730/domains/sampurnasuvidhakendra.com/public_html/vendor/laravel/framework/src/Illuminate/Routing/Router.php(634): Illuminate\\Routing\\Router->runRoute(Object(Illuminate\\Http\\Request), Object(Illuminate\\Routing\\Route))
#46 /home/u271521730/domains/sampurnasuvidhakendra.com/public_html/vendor/laravel/framework/src/Illuminate/Routing/Router.php(623): Illuminate\\Routing\\Router->dispatchToRoute(Object(Illuminate\\Http\\Request))
#47 /home/u271521730/domains/sampurnasuvidhakendra.com/public_html/vendor/laravel/framework/src/Illuminate/Foundation/Http/Kernel.php(166): Illuminate\\Routing\\Router->dispatch(Object(Illuminate\\Http\\Request))
#48 /home/u271521730/domains/sampurnasuvidhakendra.com/public_html/vendor/laravel/framework/src/Illuminate/Pipeline/Pipeline.php(128): Illuminate\\Foundation\\Http\\Kernel->Illuminate\\Foundation\\Http\\{closure}(Object(Illuminate\\Http\\Request))
#49 /home/u271521730/domains/sampurnasuvidhakendra.com/public_html/vendor/fideloper/proxy/src/TrustProxies.php(57): Illuminate\\Pipeline\\Pipeline->Illuminate\\Pipeline\\{closure}(Object(Illuminate\\Http\\Request))
#50 /home/u271521730/domains/sampurnasuvidhakendra.com/public_html/vendor/laravel/framework/src/Illuminate/Pipeline/Pipeline.php(167): Fideloper\\Proxy\\TrustProxies->handle(Object(Illuminate\\Http\\Request), Object(Closure))
#51 /home/u271521730/domains/sampurnasuvidhakendra.com/public_html/vendor/laravel/framework/src/Illuminate/Foundation/Http/Middleware/TransformsRequest.php(21): Illuminate\\Pipeline\\Pipeline->Illuminate\\Pipeline\\{closure}(Object(Illuminate\\Http\\Request))
#52 /home/u271521730/domains/sampurnasuvidhakendra.com/public_html/vendor/laravel/framework/src/Illuminate/Pipeline/Pipeline.php(167): Illuminate\\Foundation\\Http\\Middleware\\TransformsRequest->handle(Object(Illuminate\\Http\\Request), Object(Closure))
#53 /home/u271521730/domains/sampurnasuvidhakendra.com/public_html/vendor/laravel/framework/src/Illuminate/Foundation/Http/Middleware/TransformsRequest.php(21): Illuminate\\Pipeline\\Pipeline->Illuminate\\Pipeline\\{closure}(Object(Illuminate\\Http\\Request))
#54 /home/u271521730/domains/sampurnasuvidhakendra.com/public_html/vendor/laravel/framework/src/Illuminate/Pipeline/Pipeline.php(167): Illuminate\\Foundation\\Http\\Middleware\\TransformsRequest->handle(Object(Illuminate\\Http\\Request), Object(Closure))
#55 /home/u271521730/domains/sampurnasuvidhakendra.com/public_html/vendor/laravel/framework/src/Illuminate/Foundation/Http/Middleware/ValidatePostSize.php(27): Illuminate\\Pipeline\\Pipeline->Illuminate\\Pipeline\\{closure}(Object(Illuminate\\Http\\Request))
#56 /home/u271521730/domains/sampurnasuvidhakendra.com/public_html/vendor/laravel/framework/src/Illuminate/Pipeline/Pipeline.php(167): Illuminate\\Foundation\\Http\\Middleware\\ValidatePostSize->handle(Object(Illuminate\\Http\\Request), Object(Closure))
#57 /home/u271521730/domains/sampurnasuvidhakendra.com/public_html/vendor/laravel/framework/src/Illuminate/Foundation/Http/Middleware/PreventRequestsDuringMaintenance.php(87): Illuminate\\Pipeline\\Pipeline->Illuminate\\Pipeline\\{closure}(Object(Illuminate\\Http\\Request))
#58 /home/u271521730/domains/sampurnasuvidhakendra.com/public_html/vendor/laravel/framework/src/Illuminate/Pipeline/Pipeline.php(167): Illuminate\\Foundation\\Http\\Middleware\\PreventRequestsDuringMaintenance->handle(Object(Illuminate\\Http\\Request), Object(Closure))
#59 /home/u271521730/domains/sampurnasuvidhakendra.com/public_html/vendor/laravel/framework/src/Illuminate/Pipeline/Pipeline.php(103): Illuminate\\Pipeline\\Pipeline->Illuminate\\Pipeline\\{closure}(Object(Illuminate\\Http\\Request))
#60 /home/u271521730/domains/sampurnasuvidhakendra.com/public_html/vendor/laravel/framework/src/Illuminate/Foundation/Http/Kernel.php(141): Illuminate\\Pipeline\\Pipeline->then(Object(Closure))
#61 /home/u271521730/domains/sampurnasuvidhakendra.com/public_html/vendor/laravel/framework/src/Illuminate/Foundation/Http/Kernel.php(110): Illuminate\\Foundation\\Http\\Kernel->sendRequestThroughRouter(Object(Illuminate\\Http\\Request))
#62 /home/u271521730/domains/sampurnasuvidhakendra.com/public_html/public/index.php(55): Illuminate\\Foundation\\Http\\Kernel->handle(Object(Illuminate\\Http\\Request))
#63 /home/u271521730/domains/sampurnasuvidhakendra.com/public_html/server.php(21): require_once('/home/u27152173...')
#64 {main}
"} 
