[2024-05-06 11:27:47] local.ERROR: Unable to prepare route [admin/home] for serialization. Another route has already been assigned name [admin.dashboard]. {"exception":"[object] (LogicException(code: 0): Unable to prepare route [admin/home] for serialization. Another route has already been assigned name [admin.dashboard]. at /home/u271521730/domains/sampurnasuvidhakendra.com/public_html/vendor/laravel/framework/src/Illuminate/Routing/AbstractRouteCollection.php:212)
[stacktrace]
#0 /home/u271521730/domains/sampurnasuvidhakendra.com/public_html/vendor/laravel/framework/src/Illuminate/Routing/AbstractRouteCollection.php(178): Illuminate\\Routing\\AbstractRouteCollection->addToSymfonyRoutesCollection(Object(Symfony\\Component\\Routing\\RouteCollection), Object(Illuminate\\Routing\\Route))
#1 /home/u271521730/domains/sampurnasuvidhakendra.com/public_html/vendor/laravel/framework/src/Illuminate/Routing/RouteCollection.php(246): Illuminate\\Routing\\AbstractRouteCollection->toSymfonyRouteCollection()
#2 /home/u271521730/domains/sampurnasuvidhakendra.com/public_html/vendor/laravel/framework/src/Illuminate/Routing/AbstractRouteCollection.php(162): Illuminate\\Routing\\RouteCollection->toSymfonyRouteCollection()
#3 /home/u271521730/domains/sampurnasuvidhakendra.com/public_html/vendor/laravel/framework/src/Illuminate/Routing/AbstractRouteCollection.php(134): Illuminate\\Routing\\AbstractRouteCollection->dumper()
#4 /home/u271521730/domains/sampurnasuvidhakendra.com/public_html/vendor/laravel/framework/src/Illuminate/Foundation/Console/RouteCacheCommand.php(107): Illuminate\\Routing\\AbstractRouteCollection->compile()
#5 /home/u271521730/domains/sampurnasuvidhakendra.com/public_html/vendor/laravel/framework/src/Illuminate/Foundation/Console/RouteCacheCommand.php(66): Illuminate\\Foundation\\Console\\RouteCacheCommand->buildRouteCacheFile(Object(Illuminate\\Routing\\RouteCollection))
#6 [internal function]: Illuminate\\Foundation\\Console\\RouteCacheCommand->handle()
#7 /home/u271521730/domains/sampurnasuvidhakendra.com/public_html/vendor/laravel/framework/src/Illuminate/Container/BoundMethod.php(37): call_user_func_array(Array, Array)
#8 /home/u271521730/domains/sampurnasuvidhakendra.com/public_html/vendor/laravel/framework/src/Illuminate/Container/Util.php(40): Illuminate\\Container\\BoundMethod::Illuminate\\Container\\{closure}()
#9 /home/u271521730/domains/sampurnasuvidhakendra.com/public_html/vendor/laravel/framework/src/Illuminate/Container/BoundMethod.php(95): Illuminate\\Container\\Util::unwrapIfClosure(Object(Closure))
#10 /home/u271521730/domains/sampurnasuvidhakendra.com/public_html/vendor/laravel/framework/src/Illuminate/Container/BoundMethod.php(39): Illuminate\\Container\\BoundMethod::callBoundMethod(Object(Illuminate\\Foundation\\Application), Array, Object(Closure))
#11 /home/u271521730/domains/sampurnasuvidhakendra.com/public_html/vendor/laravel/framework/src/Illuminate/Container/Container.php(596): Illuminate\\Container\\BoundMethod::call(Object(Illuminate\\Foundation\\Application), Array, Array, NULL)
#12 /home/u271521730/domains/sampurnasuvidhakendra.com/public_html/vendor/laravel/framework/src/Illuminate/Console/Command.php(136): Illuminate\\Container\\Container->call(Array)
#13 /home/u271521730/domains/sampurnasuvidhakendra.com/public_html/vendor/symfony/console/Command/Command.php(298): Illuminate\\Console\\Command->execute(Object(Symfony\\Component\\Console\\Input\\ArgvInput), Object(Illuminate\\Console\\OutputStyle))
#14 /home/u271521730/domains/sampurnasuvidhakendra.com/public_html/vendor/laravel/framework/src/Illuminate/Console/Command.php(121): Symfony\\Component\\Console\\Command\\Command->run(Object(Symfony\\Component\\Console\\Input\\ArgvInput), Object(Illuminate\\Console\\OutputStyle))
#15 /home/u271521730/domains/sampurnasuvidhakendra.com/public_html/vendor/symfony/console/Application.php(1040): Illuminate\\Console\\Command->run(Object(Symfony\\Component\\Console\\Input\\ArgvInput), Object(Symfony\\Component\\Console\\Output\\ConsoleOutput))
#16 /home/u271521730/domains/sampurnasuvidhakendra.com/public_html/vendor/symfony/console/Application.php(301): Symfony\\Component\\Console\\Application->doRunCommand(Object(Illuminate\\Foundation\\Console\\RouteCacheCommand), Object(Symfony\\Component\\Console\\Input\\ArgvInput), Object(Symfony\\Component\\Console\\Output\\ConsoleOutput))
#17 /home/u271521730/domains/sampurnasuvidhakendra.com/public_html/vendor/symfony/console/Application.php(171): Symfony\\Component\\Console\\Application->doRun(Object(Symfony\\Component\\Console\\Input\\ArgvInput), Object(Symfony\\Component\\Console\\Output\\ConsoleOutput))
#18 /home/u271521730/domains/sampurnasuvidhakendra.com/public_html/vendor/laravel/framework/src/Illuminate/Console/Application.php(93): Symfony\\Component\\Console\\Application->run(Object(Symfony\\Component\\Console\\Input\\ArgvInput), Object(Symfony\\Component\\Console\\Output\\ConsoleOutput))
#19 /home/u271521730/domains/sampurnasuvidhakendra.com/public_html/vendor/laravel/framework/src/Illuminate/Foundation/Console/Kernel.php(129): Illuminate\\Console\\Application->run(Object(Symfony\\Component\\Console\\Input\\ArgvInput), Object(Symfony\\Component\\Console\\Output\\ConsoleOutput))
#20 /home/u271521730/domains/sampurnasuvidhakendra.com/public_html/artisan(37): Illuminate\\Foundation\\Console\\Kernel->handle(Object(Symfony\\Component\\Console\\Input\\ArgvInput), Object(Symfony\\Component\\Console\\Output\\ConsoleOutput))
#21 {main}
"} 
[2024-05-06 12:30:36] local.ERROR: Class 'App\Models\UserStatutoryAuditDetail' not found (View: /home/u271521730/domains/sampurnasuvidhakendra.com/public_html/resources/views/admin/layouts/admin.blade.php) {"userId":1,"exception":"[object] (Facade\\Ignition\\Exceptions\\ViewException(code: 0): Class 'App\\Models\\UserStatutoryAuditDetail' not found (View: /home/u271521730/domains/sampurnasuvidhakendra.com/public_html/resources/views/admin/layouts/admin.blade.php) at /home/u271521730/domains/sampurnasuvidhakendra.com/public_html/resources/views/admin/layouts/admin.blade.php:737)
[stacktrace]
#0 /home/u271521730/domains/sampurnasuvidhakendra.com/public_html/vendor/laravel/framework/src/Illuminate/Filesystem/Filesystem.php(107): require()
#1 /home/u271521730/domains/sampurnasuvidhakendra.com/public_html/vendor/laravel/framework/src/Illuminate/Filesystem/Filesystem.php(108): Illuminate\\Filesystem\\Filesystem::Illuminate\\Filesystem\\{closure}()
#2 /home/u271521730/domains/sampurnasuvidhakendra.com/public_html/vendor/laravel/framework/src/Illuminate/View/Engines/PhpEngine.php(58): Illuminate\\Filesystem\\Filesystem->getRequire('/home/u27152173...', Array)
#3 /home/u271521730/domains/sampurnasuvidhakendra.com/public_html/vendor/laravel/framework/src/Illuminate/View/Engines/CompilerEngine.php(61): Illuminate\\View\\Engines\\PhpEngine->evaluatePath('/home/u27152173...', Array)
#4 /home/u271521730/domains/sampurnasuvidhakendra.com/public_html/vendor/facade/ignition/src/Views/Engines/CompilerEngine.php(37): Illuminate\\View\\Engines\\CompilerEngine->get('/home/u27152173...', Array)
#5 /home/u271521730/domains/sampurnasuvidhakendra.com/public_html/vendor/laravel/framework/src/Illuminate/View/View.php(139): Facade\\Ignition\\Views\\Engines\\CompilerEngine->get('/home/u27152173...', Array)
#6 /home/u271521730/domains/sampurnasuvidhakendra.com/public_html/vendor/laravel/framework/src/Illuminate/View/View.php(122): Illuminate\\View\\View->getContents()
#7 /home/u271521730/domains/sampurnasuvidhakendra.com/public_html/vendor/laravel/framework/src/Illuminate/View/View.php(91): Illuminate\\View\\View->renderContents()
#8 /home/u271521730/domains/sampurnasuvidhakendra.com/public_html/resources/views/admin/pages/dashboard.blade.php(65): Illuminate\\View\\View->render()
#9 /home/u271521730/domains/sampurnasuvidhakendra.com/public_html/vendor/laravel/framework/src/Illuminate/Filesystem/Filesystem.php(107): require('/home/u27152173...')
#10 /home/u271521730/domains/sampurnasuvidhakendra.com/public_html/vendor/laravel/framework/src/Illuminate/Filesystem/Filesystem.php(108): Illuminate\\Filesystem\\Filesystem::Illuminate\\Filesystem\\{closure}()
#11 /home/u271521730/domains/sampurnasuvidhakendra.com/public_html/vendor/laravel/framework/src/Illuminate/View/Engines/PhpEngine.php(58): Illuminate\\Filesystem\\Filesystem->getRequire('/home/u27152173...', Array)
#12 /home/u271521730/domains/sampurnasuvidhakendra.com/public_html/vendor/laravel/framework/src/Illuminate/View/Engines/CompilerEngine.php(61): Illuminate\\View\\Engines\\PhpEngine->evaluatePath('/home/u27152173...', Array)
#13 /home/u271521730/domains/sampurnasuvidhakendra.com/public_html/vendor/facade/ignition/src/Views/Engines/CompilerEngine.php(37): Illuminate\\View\\Engines\\CompilerEngine->get('/home/u27152173...', Array)
#14 /home/u271521730/domains/sampurnasuvidhakendra.com/public_html/vendor/laravel/framework/src/Illuminate/View/View.php(139): Facade\\Ignition\\Views\\Engines\\CompilerEngine->get('/home/u27152173...', Array)
#15 /home/u271521730/domains/sampurnasuvidhakendra.com/public_html/vendor/laravel/framework/src/Illuminate/View/View.php(122): Illuminate\\View\\View->getContents()
#16 /home/u271521730/domains/sampurnasuvidhakendra.com/public_html/vendor/laravel/framework/src/Illuminate/View/View.php(91): Illuminate\\View\\View->renderContents()
#17 /home/u271521730/domains/sampurnasuvidhakendra.com/public_html/vendor/laravel/framework/src/Illuminate/Http/Response.php(62): Illuminate\\View\\View->render()
#18 /home/u271521730/domains/sampurnasuvidhakendra.com/public_html/vendor/laravel/framework/src/Illuminate/Http/Response.php(34): Illuminate\\Http\\Response->setContent(Object(Illuminate\\View\\View))
#19 /home/u271521730/domains/sampurnasuvidhakendra.com/public_html/vendor/laravel/framework/src/Illuminate/Routing/Router.php(765): Illuminate\\Http\\Response->__construct(Object(Illuminate\\View\\View), 200, Array)
#20 /home/u271521730/domains/sampurnasuvidhakendra.com/public_html/vendor/laravel/framework/src/Illuminate/Routing/Router.php(737): Illuminate\\Routing\\Router::toResponse(Object(Illuminate\\Http\\Request), Object(Illuminate\\View\\View))
#21 /home/u271521730/domains/sampurnasuvidhakendra.com/public_html/vendor/laravel/framework/src/Illuminate/Routing/Router.php(691): Illuminate\\Routing\\Router->prepareResponse(Object(Illuminate\\Http\\Request), Object(Illuminate\\View\\View))
#22 /home/u271521730/domains/sampurnasuvidhakendra.com/public_html/vendor/laravel/framework/src/Illuminate/Pipeline/Pipeline.php(128): Illuminate\\Routing\\Router->Illuminate\\Routing\\{closure}(Object(Illuminate\\Http\\Request))
#23 /home/u271521730/domains/sampurnasuvidhakendra.com/public_html/vendor/laravel/framework/src/Illuminate/Routing/Middleware/SubstituteBindings.php(41): Illuminate\\Pipeline\\Pipeline->Illuminate\\Pipeline\\{closure}(Object(Illuminate\\Http\\Request))
#24 /home/u271521730/domains/sampurnasuvidhakendra.com/public_html/vendor/laravel/framework/src/Illuminate/Pipeline/Pipeline.php(167): Illuminate\\Routing\\Middleware\\SubstituteBindings->handle(Object(Illuminate\\Http\\Request), Object(Closure))
#25 /home/u271521730/domains/sampurnasuvidhakendra.com/public_html/vendor/laravel/framework/src/Illuminate/Foundation/Http/Middleware/VerifyCsrfToken.php(77): Illuminate\\Pipeline\\Pipeline->Illuminate\\Pipeline\\{closure}(Object(Illuminate\\Http\\Request))
#26 /home/u271521730/domains/sampurnasuvidhakendra.com/public_html/vendor/laravel/framework/src/Illuminate/Pipeline/Pipeline.php(167): Illuminate\\Foundation\\Http\\Middleware\\VerifyCsrfToken->handle(Object(Illuminate\\Http\\Request), Object(Closure))
#27 /home/u271521730/domains/sampurnasuvidhakendra.com/public_html/vendor/laravel/framework/src/Illuminate/Session/Middleware/AuthenticateSession.php(58): Illuminate\\Pipeline\\Pipeline->Illuminate\\Pipeline\\{closure}(Object(Illuminate\\Http\\Request))
#28 /home/u271521730/domains/sampurnasuvidhakendra.com/public_html/vendor/laravel/framework/src/Illuminate/Pipeline/Pipeline.php(167): Illuminate\\Session\\Middleware\\AuthenticateSession->handle(Object(Illuminate\\Http\\Request), Object(Closure))
#29 /home/u271521730/domains/sampurnasuvidhakendra.com/public_html/vendor/laravel/framework/src/Illuminate/Auth/Middleware/Authenticate.php(44): Illuminate\\Pipeline\\Pipeline->Illuminate\\Pipeline\\{closure}(Object(Illuminate\\Http\\Request))
#30 /home/u271521730/domains/sampurnasuvidhakendra.com/public_html/vendor/laravel/framework/src/Illuminate/Pipeline/Pipeline.php(167): Illuminate\\Auth\\Middleware\\Authenticate->handle(Object(Illuminate\\Http\\Request), Object(Closure), 'admin')
#31 /home/u271521730/domains/sampurnasuvidhakendra.com/public_html/vendor/laravel/framework/src/Illuminate/View/Middleware/ShareErrorsFromSession.php(49): Illuminate\\Pipeline\\Pipeline->Illuminate\\Pipeline\\{closure}(Object(Illuminate\\Http\\Request))
#32 /home/u271521730/domains/sampurnasuvidhakendra.com/public_html/vendor/laravel/framework/src/Illuminate/Pipeline/Pipeline.php(167): Illuminate\\View\\Middleware\\ShareErrorsFromSession->handle(Object(Illuminate\\Http\\Request), Object(Closure))
#33 /home/u271521730/domains/sampurnasuvidhakendra.com/public_html/vendor/laravel/framework/src/Illuminate/Session/Middleware/StartSession.php(116): Illuminate\\Pipeline\\Pipeline->Illuminate\\Pipeline\\{closure}(Object(Illuminate\\Http\\Request))
#34 /home/u271521730/domains/sampurnasuvidhakendra.com/public_html/vendor/laravel/framework/src/Illuminate/Session/Middleware/StartSession.php(62): Illuminate\\Session\\Middleware\\StartSession->handleStatefulRequest(Object(Illuminate\\Http\\Request), Object(Illuminate\\Session\\Store), Object(Closure))
#35 /home/u271521730/domains/sampurnasuvidhakendra.com/public_html/vendor/laravel/framework/src/Illuminate/Pipeline/Pipeline.php(167): Illuminate\\Session\\Middleware\\StartSession->handle(Object(Illuminate\\Http\\Request), Object(Closure))
#36 /home/u271521730/domains/sampurnasuvidhakendra.com/public_html/vendor/laravel/framework/src/Illuminate/Cookie/Middleware/AddQueuedCookiesToResponse.php(37): Illuminate\\Pipeline\\Pipeline->Illuminate\\Pipeline\\{closure}(Object(Illuminate\\Http\\Request))
#37 /home/u271521730/domains/sampurnasuvidhakendra.com/public_html/vendor/laravel/framework/src/Illuminate/Pipeline/Pipeline.php(167): Illuminate\\Cookie\\Middleware\\AddQueuedCookiesToResponse->handle(Object(Illuminate\\Http\\Request), Object(Closure))
#38 /home/u271521730/domains/sampurnasuvidhakendra.com/public_html/vendor/laravel/framework/src/Illuminate/Cookie/Middleware/EncryptCookies.php(67): Illuminate\\Pipeline\\Pipeline->Illuminate\\Pipeline\\{closure}(Object(Illuminate\\Http\\Request))
#39 /home/u271521730/domains/sampurnasuvidhakendra.com/public_html/vendor/laravel/framework/src/Illuminate/Pipeline/Pipeline.php(167): Illuminate\\Cookie\\Middleware\\EncryptCookies->handle(Object(Illuminate\\Http\\Request), Object(Closure))
#40 /home/u271521730/domains/sampurnasuvidhakendra.com/public_html/vendor/laravel/framework/src/Illuminate/Pipeline/Pipeline.php(103): Illuminate\\Pipeline\\Pipeline->Illuminate\\Pipeline\\{closure}(Object(Illuminate\\Http\\Request))
#41 /home/u271521730/domains/sampurnasuvidhakendra.com/public_html/vendor/laravel/framework/src/Illuminate/Routing/Router.php(693): Illuminate\\Pipeline\\Pipeline->then(Object(Closure))
#42 /home/u271521730/domains/sampurnasuvidhakendra.com/public_html/vendor/laravel/framework/src/Illuminate/Routing/Router.php(668): Illuminate\\Routing\\Router->runRouteWithinStack(Object(Illuminate\\Routing\\Route), Object(Illuminate\\Http\\Request))
#43 /home/u271521730/domains/sampurnasuvidhakendra.com/public_html/vendor/laravel/framework/src/Illuminate/Routing/Router.php(634): Illuminate\\Routing\\Router->runRoute(Object(Illuminate\\Http\\Request), Object(Illuminate\\Routing\\Route))
#44 /home/u271521730/domains/sampurnasuvidhakendra.com/public_html/vendor/laravel/framework/src/Illuminate/Routing/Router.php(623): Illuminate\\Routing\\Router->dispatchToRoute(Object(Illuminate\\Http\\Request))
#45 /home/u271521730/domains/sampurnasuvidhakendra.com/public_html/vendor/laravel/framework/src/Illuminate/Foundation/Http/Kernel.php(166): Illuminate\\Routing\\Router->dispatch(Object(Illuminate\\Http\\Request))
#46 /home/u271521730/domains/sampurnasuvidhakendra.com/public_html/vendor/laravel/framework/src/Illuminate/Pipeline/Pipeline.php(128): Illuminate\\Foundation\\Http\\Kernel->Illuminate\\Foundation\\Http\\{closure}(Object(Illuminate\\Http\\Request))
#47 /home/u271521730/domains/sampurnasuvidhakendra.com/public_html/vendor/fideloper/proxy/src/TrustProxies.php(57): Illuminate\\Pipeline\\Pipeline->Illuminate\\Pipeline\\{closure}(Object(Illuminate\\Http\\Request))
#48 /home/u271521730/domains/sampurnasuvidhakendra.com/public_html/vendor/laravel/framework/src/Illuminate/Pipeline/Pipeline.php(167): Fideloper\\Proxy\\TrustProxies->handle(Object(Illuminate\\Http\\Request), Object(Closure))
#49 /home/u271521730/domains/sampurnasuvidhakendra.com/public_html/vendor/laravel/framework/src/Illuminate/Foundation/Http/Middleware/TransformsRequest.php(21): Illuminate\\Pipeline\\Pipeline->Illuminate\\Pipeline\\{closure}(Object(Illuminate\\Http\\Request))
#50 /home/u271521730/domains/sampurnasuvidhakendra.com/public_html/vendor/laravel/framework/src/Illuminate/Pipeline/Pipeline.php(167): Illuminate\\Foundation\\Http\\Middleware\\TransformsRequest->handle(Object(Illuminate\\Http\\Request), Object(Closure))
#51 /home/u271521730/domains/sampurnasuvidhakendra.com/public_html/vendor/laravel/framework/src/Illuminate/Foundation/Http/Middleware/TransformsRequest.php(21): Illuminate\\Pipeline\\Pipeline->Illuminate\\Pipeline\\{closure}(Object(Illuminate\\Http\\Request))
#52 /home/u271521730/domains/sampurnasuvidhakendra.com/public_html/vendor/laravel/framework/src/Illuminate/Pipeline/Pipeline.php(167): Illuminate\\Foundation\\Http\\Middleware\\TransformsRequest->handle(Object(Illuminate\\Http\\Request), Object(Closure))
#53 /home/u271521730/domains/sampurnasuvidhakendra.com/public_html/vendor/laravel/framework/src/Illuminate/Foundation/Http/Middleware/ValidatePostSize.php(27): Illuminate\\Pipeline\\Pipeline->Illuminate\\Pipeline\\{closure}(Object(Illuminate\\Http\\Request))
#54 /home/u271521730/domains/sampurnasuvidhakendra.com/public_html/vendor/laravel/framework/src/Illuminate/Pipeline/Pipeline.php(167): Illuminate\\Foundation\\Http\\Middleware\\ValidatePostSize->handle(Object(Illuminate\\Http\\Request), Object(Closure))
#55 /home/u271521730/domains/sampurnasuvidhakendra.com/public_html/vendor/laravel/framework/src/Illuminate/Foundation/Http/Middleware/PreventRequestsDuringMaintenance.php(87): Illuminate\\Pipeline\\Pipeline->Illuminate\\Pipeline\\{closure}(Object(Illuminate\\Http\\Request))
#56 /home/u271521730/domains/sampurnasuvidhakendra.com/public_html/vendor/laravel/framework/src/Illuminate/Pipeline/Pipeline.php(167): Illuminate\\Foundation\\Http\\Middleware\\PreventRequestsDuringMaintenance->handle(Object(Illuminate\\Http\\Request), Object(Closure))
#57 /home/u271521730/domains/sampurnasuvidhakendra.com/public_html/vendor/laravel/framework/src/Illuminate/Pipeline/Pipeline.php(103): Illuminate\\Pipeline\\Pipeline->Illuminate\\Pipeline\\{closure}(Object(Illuminate\\Http\\Request))
#58 /home/u271521730/domains/sampurnasuvidhakendra.com/public_html/vendor/laravel/framework/src/Illuminate/Foundation/Http/Kernel.php(141): Illuminate\\Pipeline\\Pipeline->then(Object(Closure))
#59 /home/u271521730/domains/sampurnasuvidhakendra.com/public_html/vendor/laravel/framework/src/Illuminate/Foundation/Http/Kernel.php(110): Illuminate\\Foundation\\Http\\Kernel->sendRequestThroughRouter(Object(Illuminate\\Http\\Request))
#60 /home/u271521730/domains/sampurnasuvidhakendra.com/public_html/public/index.php(55): Illuminate\\Foundation\\Http\\Kernel->handle(Object(Illuminate\\Http\\Request))
#61 /home/u271521730/domains/sampurnasuvidhakendra.com/public_html/server.php(21): require_once('/home/u27152173...')
#62 {main}

[previous exception] [object] (Error(code: 0): Class 'App\\Models\\UserStatutoryAuditDetail' not found at /home/u271521730/domains/sampurnasuvidhakendra.com/public_html/storage/framework/views/ab6a1fcab77bc2193b766fd05317dcf03700dee5.php:737)
[stacktrace]
#0 /home/u271521730/domains/sampurnasuvidhakendra.com/public_html/vendor/laravel/framework/src/Illuminate/Filesystem/Filesystem.php(107): require()
#1 /home/u271521730/domains/sampurnasuvidhakendra.com/public_html/vendor/laravel/framework/src/Illuminate/Filesystem/Filesystem.php(108): Illuminate\\Filesystem\\Filesystem::Illuminate\\Filesystem\\{closure}()
#2 /home/u271521730/domains/sampurnasuvidhakendra.com/public_html/vendor/laravel/framework/src/Illuminate/View/Engines/PhpEngine.php(58): Illuminate\\Filesystem\\Filesystem->getRequire('/home/u27152173...', Array)
#3 /home/u271521730/domains/sampurnasuvidhakendra.com/public_html/vendor/laravel/framework/src/Illuminate/View/Engines/CompilerEngine.php(61): Illuminate\\View\\Engines\\PhpEngine->evaluatePath('/home/u27152173...', Array)
#4 /home/u271521730/domains/sampurnasuvidhakendra.com/public_html/vendor/facade/ignition/src/Views/Engines/CompilerEngine.php(37): Illuminate\\View\\Engines\\CompilerEngine->get('/home/u27152173...', Array)
#5 /home/u271521730/domains/sampurnasuvidhakendra.com/public_html/vendor/laravel/framework/src/Illuminate/View/View.php(139): Facade\\Ignition\\Views\\Engines\\CompilerEngine->get('/home/u27152173...', Array)
#6 /home/u271521730/domains/sampurnasuvidhakendra.com/public_html/vendor/laravel/framework/src/Illuminate/View/View.php(122): Illuminate\\View\\View->getContents()
#7 /home/u271521730/domains/sampurnasuvidhakendra.com/public_html/vendor/laravel/framework/src/Illuminate/View/View.php(91): Illuminate\\View\\View->renderContents()
#8 /home/u271521730/domains/sampurnasuvidhakendra.com/public_html/storage/framework/views/be956cbc7b14855c6e1db0e0809dfc24bd38e97f.php(65): Illuminate\\View\\View->render()
#9 /home/u271521730/domains/sampurnasuvidhakendra.com/public_html/vendor/laravel/framework/src/Illuminate/Filesystem/Filesystem.php(107): require('/home/u27152173...')
#10 /home/u271521730/domains/sampurnasuvidhakendra.com/public_html/vendor/laravel/framework/src/Illuminate/Filesystem/Filesystem.php(108): Illuminate\\Filesystem\\Filesystem::Illuminate\\Filesystem\\{closure}()
#11 /home/u271521730/domains/sampurnasuvidhakendra.com/public_html/vendor/laravel/framework/src/Illuminate/View/Engines/PhpEngine.php(58): Illuminate\\Filesystem\\Filesystem->getRequire('/home/u27152173...', Array)
#12 /home/u271521730/domains/sampurnasuvidhakendra.com/public_html/vendor/laravel/framework/src/Illuminate/View/Engines/CompilerEngine.php(61): Illuminate\\View\\Engines\\PhpEngine->evaluatePath('/home/u27152173...', Array)
#13 /home/u271521730/domains/sampurnasuvidhakendra.com/public_html/vendor/facade/ignition/src/Views/Engines/CompilerEngine.php(37): Illuminate\\View\\Engines\\CompilerEngine->get('/home/u27152173...', Array)
#14 /home/u271521730/domains/sampurnasuvidhakendra.com/public_html/vendor/laravel/framework/src/Illuminate/View/View.php(139): Facade\\Ignition\\Views\\Engines\\CompilerEngine->get('/home/u27152173...', Array)
#15 /home/u271521730/domains/sampurnasuvidhakendra.com/public_html/vendor/laravel/framework/src/Illuminate/View/View.php(122): Illuminate\\View\\View->getContents()
#16 /home/u271521730/domains/sampurnasuvidhakendra.com/public_html/vendor/laravel/framework/src/Illuminate/View/View.php(91): Illuminate\\View\\View->renderContents()
#17 /home/u271521730/domains/sampurnasuvidhakendra.com/public_html/vendor/laravel/framework/src/Illuminate/Http/Response.php(62): Illuminate\\View\\View->render()
#18 /home/u271521730/domains/sampurnasuvidhakendra.com/public_html/vendor/laravel/framework/src/Illuminate/Http/Response.php(34): Illuminate\\Http\\Response->setContent(Object(Illuminate\\View\\View))
#19 /home/u271521730/domains/sampurnasuvidhakendra.com/public_html/vendor/laravel/framework/src/Illuminate/Routing/Router.php(765): Illuminate\\Http\\Response->__construct(Object(Illuminate\\View\\View), 200, Array)
#20 /home/u271521730/domains/sampurnasuvidhakendra.com/public_html/vendor/laravel/framework/src/Illuminate/Routing/Router.php(737): Illuminate\\Routing\\Router::toResponse(Object(Illuminate\\Http\\Request), Object(Illuminate\\View\\View))
#21 /home/u271521730/domains/sampurnasuvidhakendra.com/public_html/vendor/laravel/framework/src/Illuminate/Routing/Router.php(691): Illuminate\\Routing\\Router->prepareResponse(Object(Illuminate\\Http\\Request), Object(Illuminate\\View\\View))
#22 /home/u271521730/domains/sampurnasuvidhakendra.com/public_html/vendor/laravel/framework/src/Illuminate/Pipeline/Pipeline.php(128): Illuminate\\Routing\\Router->Illuminate\\Routing\\{closure}(Object(Illuminate\\Http\\Request))
#23 /home/u271521730/domains/sampurnasuvidhakendra.com/public_html/vendor/laravel/framework/src/Illuminate/Routing/Middleware/SubstituteBindings.php(41): Illuminate\\Pipeline\\Pipeline->Illuminate\\Pipeline\\{closure}(Object(Illuminate\\Http\\Request))
#24 /home/u271521730/domains/sampurnasuvidhakendra.com/public_html/vendor/laravel/framework/src/Illuminate/Pipeline/Pipeline.php(167): Illuminate\\Routing\\Middleware\\SubstituteBindings->handle(Object(Illuminate\\Http\\Request), Object(Closure))
#25 /home/u271521730/domains/sampurnasuvidhakendra.com/public_html/vendor/laravel/framework/src/Illuminate/Foundation/Http/Middleware/VerifyCsrfToken.php(77): Illuminate\\Pipeline\\Pipeline->Illuminate\\Pipeline\\{closure}(Object(Illuminate\\Http\\Request))
#26 /home/u271521730/domains/sampurnasuvidhakendra.com/public_html/vendor/laravel/framework/src/Illuminate/Pipeline/Pipeline.php(167): Illuminate\\Foundation\\Http\\Middleware\\VerifyCsrfToken->handle(Object(Illuminate\\Http\\Request), Object(Closure))
#27 /home/u271521730/domains/sampurnasuvidhakendra.com/public_html/vendor/laravel/framework/src/Illuminate/Session/Middleware/AuthenticateSession.php(58): Illuminate\\Pipeline\\Pipeline->Illuminate\\Pipeline\\{closure}(Object(Illuminate\\Http\\Request))
#28 /home/u271521730/domains/sampurnasuvidhakendra.com/public_html/vendor/laravel/framework/src/Illuminate/Pipeline/Pipeline.php(167): Illuminate\\Session\\Middleware\\AuthenticateSession->handle(Object(Illuminate\\Http\\Request), Object(Closure))
#29 /home/u271521730/domains/sampurnasuvidhakendra.com/public_html/vendor/laravel/framework/src/Illuminate/Auth/Middleware/Authenticate.php(44): Illuminate\\Pipeline\\Pipeline->Illuminate\\Pipeline\\{closure}(Object(Illuminate\\Http\\Request))
#30 /home/u271521730/domains/sampurnasuvidhakendra.com/public_html/vendor/laravel/framework/src/Illuminate/Pipeline/Pipeline.php(167): Illuminate\\Auth\\Middleware\\Authenticate->handle(Object(Illuminate\\Http\\Request), Object(Closure), 'admin')
#31 /home/u271521730/domains/sampurnasuvidhakendra.com/public_html/vendor/laravel/framework/src/Illuminate/View/Middleware/ShareErrorsFromSession.php(49): Illuminate\\Pipeline\\Pipeline->Illuminate\\Pipeline\\{closure}(Object(Illuminate\\Http\\Request))
#32 /home/u271521730/domains/sampurnasuvidhakendra.com/public_html/vendor/laravel/framework/src/Illuminate/Pipeline/Pipeline.php(167): Illuminate\\View\\Middleware\\ShareErrorsFromSession->handle(Object(Illuminate\\Http\\Request), Object(Closure))
#33 /home/u271521730/domains/sampurnasuvidhakendra.com/public_html/vendor/laravel/framework/src/Illuminate/Session/Middleware/StartSession.php(116): Illuminate\\Pipeline\\Pipeline->Illuminate\\Pipeline\\{closure}(Object(Illuminate\\Http\\Request))
#34 /home/u271521730/domains/sampurnasuvidhakendra.com/public_html/vendor/laravel/framework/src/Illuminate/Session/Middleware/StartSession.php(62): Illuminate\\Session\\Middleware\\StartSession->handleStatefulRequest(Object(Illuminate\\Http\\Request), Object(Illuminate\\Session\\Store), Object(Closure))
#35 /home/u271521730/domains/sampurnasuvidhakendra.com/public_html/vendor/laravel/framework/src/Illuminate/Pipeline/Pipeline.php(167): Illuminate\\Session\\Middleware\\StartSession->handle(Object(Illuminate\\Http\\Request), Object(Closure))
#36 /home/u271521730/domains/sampurnasuvidhakendra.com/public_html/vendor/laravel/framework/src/Illuminate/Cookie/Middleware/AddQueuedCookiesToResponse.php(37): Illuminate\\Pipeline\\Pipeline->Illuminate\\Pipeline\\{closure}(Object(Illuminate\\Http\\Request))
#37 /home/u271521730/domains/sampurnasuvidhakendra.com/public_html/vendor/laravel/framework/src/Illuminate/Pipeline/Pipeline.php(167): Illuminate\\Cookie\\Middleware\\AddQueuedCookiesToResponse->handle(Object(Illuminate\\Http\\Request), Object(Closure))
#38 /home/u271521730/domains/sampurnasuvidhakendra.com/public_html/vendor/laravel/framework/src/Illuminate/Cookie/Middleware/EncryptCookies.php(67): Illuminate\\Pipeline\\Pipeline->Illuminate\\Pipeline\\{closure}(Object(Illuminate\\Http\\Request))
#39 /home/u271521730/domains/sampurnasuvidhakendra.com/public_html/vendor/laravel/framework/src/Illuminate/Pipeline/Pipeline.php(167): Illuminate\\Cookie\\Middleware\\EncryptCookies->handle(Object(Illuminate\\Http\\Request), Object(Closure))
#40 /home/u271521730/domains/sampurnasuvidhakendra.com/public_html/vendor/laravel/framework/src/Illuminate/Pipeline/Pipeline.php(103): Illuminate\\Pipeline\\Pipeline->Illuminate\\Pipeline\\{closure}(Object(Illuminate\\Http\\Request))
#41 /home/u271521730/domains/sampurnasuvidhakendra.com/public_html/vendor/laravel/framework/src/Illuminate/Routing/Router.php(693): Illuminate\\Pipeline\\Pipeline->then(Object(Closure))
#42 /home/u271521730/domains/sampurnasuvidhakendra.com/public_html/vendor/laravel/framework/src/Illuminate/Routing/Router.php(668): Illuminate\\Routing\\Router->runRouteWithinStack(Object(Illuminate\\Routing\\Route), Object(Illuminate\\Http\\Request))
#43 /home/u271521730/domains/sampurnasuvidhakendra.com/public_html/vendor/laravel/framework/src/Illuminate/Routing/Router.php(634): Illuminate\\Routing\\Router->runRoute(Object(Illuminate\\Http\\Request), Object(Illuminate\\Routing\\Route))
#44 /home/u271521730/domains/sampurnasuvidhakendra.com/public_html/vendor/laravel/framework/src/Illuminate/Routing/Router.php(623): Illuminate\\Routing\\Router->dispatchToRoute(Object(Illuminate\\Http\\Request))
#45 /home/u271521730/domains/sampurnasuvidhakendra.com/public_html/vendor/laravel/framework/src/Illuminate/Foundation/Http/Kernel.php(166): Illuminate\\Routing\\Router->dispatch(Object(Illuminate\\Http\\Request))
#46 /home/u271521730/domains/sampurnasuvidhakendra.com/public_html/vendor/laravel/framework/src/Illuminate/Pipeline/Pipeline.php(128): Illuminate\\Foundation\\Http\\Kernel->Illuminate\\Foundation\\Http\\{closure}(Object(Illuminate\\Http\\Request))
#47 /home/u271521730/domains/sampurnasuvidhakendra.com/public_html/vendor/fideloper/proxy/src/TrustProxies.php(57): Illuminate\\Pipeline\\Pipeline->Illuminate\\Pipeline\\{closure}(Object(Illuminate\\Http\\Request))
#48 /home/u271521730/domains/sampurnasuvidhakendra.com/public_html/vendor/laravel/framework/src/Illuminate/Pipeline/Pipeline.php(167): Fideloper\\Proxy\\TrustProxies->handle(Object(Illuminate\\Http\\Request), Object(Closure))
#49 /home/u271521730/domains/sampurnasuvidhakendra.com/public_html/vendor/laravel/framework/src/Illuminate/Foundation/Http/Middleware/TransformsRequest.php(21): Illuminate\\Pipeline\\Pipeline->Illuminate\\Pipeline\\{closure}(Object(Illuminate\\Http\\Request))
#50 /home/u271521730/domains/sampurnasuvidhakendra.com/public_html/vendor/laravel/framework/src/Illuminate/Pipeline/Pipeline.php(167): Illuminate\\Foundation\\Http\\Middleware\\TransformsRequest->handle(Object(Illuminate\\Http\\Request), Object(Closure))
#51 /home/u271521730/domains/sampurnasuvidhakendra.com/public_html/vendor/laravel/framework/src/Illuminate/Foundation/Http/Middleware/TransformsRequest.php(21): Illuminate\\Pipeline\\Pipeline->Illuminate\\Pipeline\\{closure}(Object(Illuminate\\Http\\Request))
#52 /home/u271521730/domains/sampurnasuvidhakendra.com/public_html/vendor/laravel/framework/src/Illuminate/Pipeline/Pipeline.php(167): Illuminate\\Foundation\\Http\\Middleware\\TransformsRequest->handle(Object(Illuminate\\Http\\Request), Object(Closure))
#53 /home/u271521730/domains/sampurnasuvidhakendra.com/public_html/vendor/laravel/framework/src/Illuminate/Foundation/Http/Middleware/ValidatePostSize.php(27): Illuminate\\Pipeline\\Pipeline->Illuminate\\Pipeline\\{closure}(Object(Illuminate\\Http\\Request))
#54 /home/u271521730/domains/sampurnasuvidhakendra.com/public_html/vendor/laravel/framework/src/Illuminate/Pipeline/Pipeline.php(167): Illuminate\\Foundation\\Http\\Middleware\\ValidatePostSize->handle(Object(Illuminate\\Http\\Request), Object(Closure))
#55 /home/u271521730/domains/sampurnasuvidhakendra.com/public_html/vendor/laravel/framework/src/Illuminate/Foundation/Http/Middleware/PreventRequestsDuringMaintenance.php(87): Illuminate\\Pipeline\\Pipeline->Illuminate\\Pipeline\\{closure}(Object(Illuminate\\Http\\Request))
#56 /home/u271521730/domains/sampurnasuvidhakendra.com/public_html/vendor/laravel/framework/src/Illuminate/Pipeline/Pipeline.php(167): Illuminate\\Foundation\\Http\\Middleware\\PreventRequestsDuringMaintenance->handle(Object(Illuminate\\Http\\Request), Object(Closure))
#57 /home/u271521730/domains/sampurnasuvidhakendra.com/public_html/vendor/laravel/framework/src/Illuminate/Pipeline/Pipeline.php(103): Illuminate\\Pipeline\\Pipeline->Illuminate\\Pipeline\\{closure}(Object(Illuminate\\Http\\Request))
#58 /home/u271521730/domains/sampurnasuvidhakendra.com/public_html/vendor/laravel/framework/src/Illuminate/Foundation/Http/Kernel.php(141): Illuminate\\Pipeline\\Pipeline->then(Object(Closure))
#59 /home/u271521730/domains/sampurnasuvidhakendra.com/public_html/vendor/laravel/framework/src/Illuminate/Foundation/Http/Kernel.php(110): Illuminate\\Foundation\\Http\\Kernel->sendRequestThroughRouter(Object(Illuminate\\Http\\Request))
#60 /home/u271521730/domains/sampurnasuvidhakendra.com/public_html/public/index.php(55): Illuminate\\Foundation\\Http\\Kernel->handle(Object(Illuminate\\Http\\Request))
#61 /home/u271521730/domains/sampurnasuvidhakendra.com/public_html/server.php(21): require_once('/home/u27152173...')
#62 {main}
"} 
